Using dt = 10 seconds, T = 0.08333333333333333 years
Initializing waveform generator...
Creating GenerateEMRIWaveform class...
Done initializing waveform generator.
Creating GravWaveAnalysis class...
Initializing loglike class...
Done initializing loglike class.
Calculating SNR...
SNR calculated: 5.97163342241979
Setting up log_density and prior functions...
Done setting up log-likelihood and prior.
Setting up ParisMC sampler...
Done setting up ParisMC sampler.
Setting up initial covariance matrix...
Done setting up initial covariance matrix.
Initializing sampler...
Done initializing sampler.
Preparing LHS samples...
Done preparing LHS samples.
Running sampling...
Using dt = 10 seconds, T = 0.08333333333333333 years
Initializing waveform generator...
Creating GenerateEMRIWaveform class...
Done initializing waveform generator.
Creating GravWaveAnalysis class...
Initializing loglike class...
Done initializing loglike class.
Calculating SNR...
SNR calculated: 5.97163342241979
Setting up log_density and prior functions...
Done setting up log-likelihood and prior.
Loading sampler state from: ./extrinsic_ffunc_1mth_faceon_box1/sampler_state.pkl
Done loading sampler.
Sampler ndim: 8
Sampler n_seed: 100
Sampler current_iter: 6000
Resuming sampling...
