Using dt = 10 seconds, T = 0.08333333333333333 years
Initializing waveform generator...
Creating GenerateEMRIWaveform class...
Done initializing waveform generator.
Creating GravWaveAnalysis class...
Initializing loglike class...
Done initializing loglike class.
Calculating SNR...
SNR calculated: 5.971633422419838
Done checking signal.
Job completed at Thu Feb 12 09:31:40 PM +08 2026
Using dt = 10 seconds, T = 0.08333333333333333 years
Initializing waveform generator...
Creating GenerateEMRIWaveform class...
Done initializing waveform generator.
Creating GravWaveAnalysis class...
Initializing loglike class...
Done initializing loglike class.
Calculating SNR...
SNR calculated: 5.971633422419838
Setting up log_density and prior functions...
Done setting up log-likelihood and prior.
Loglike at true point (scaled 10x):  [59.48043158]
Max logden LHS:  38.455693035756326
Done checking signal.
Job completed at Fri Feb 13 09:13:09 PM +08 2026
