Using dt = 10 seconds, T = 0.08333333333333333 years
Initializing waveform generator...
Creating GenerateEMRIWaveform class...
Done initializing waveform generator.
Creating GravWaveAnalysis class...
Initializing TIME-MAXIMIZED loglike class...
Done initializing TIME-MAXIMIZED loglike class.
Calculating TIME-MAXIMIZED SNR...
TIME-MAXIMIZED SNR calculated: 0.0010575425758637318
Setting up log_density and prior functions...
2 year sigmas: [8.47413325e-05 1.01378439e-04 3.49039352e-04 2.40285811e-03
 4.45624469e-05]
Done setting up log-likelihood and prior.
Setting up ParisMC sampler...
Done setting up ParisMC sampler.
Setting up initial covariance matrix...
Done setting up initial covariance matrix.
Initializing sampler...
Done initializing sampler.
Preparing LHS samples...
Done preparing LHS samples.
Running TIME-MAXIMIZED sampling...
Job completed at Thu Dec 18 07:57:07 PM +08 2025
~~~~~~~~~~~~~~~~~~~~~~~~~~~~~~~~~~~~~~~~~~~~~~~~~~~~~~~~~~~~~~~~~~~~~~~~~~~~~~~~~~~~~~~~~~
			Resource Usage on 2025-12-18 19:57:07.903306:
~~~~~~~~~~~~~~~~~~~~~~~~~~~~~~~~~~~~~~~~~~~~~~~~~~~~~~~~~~~~~~~~~~~~~~~~~~~~~~~~~~~~~~~~~~
	JobId: 463120.stdct-mgmt-02
	Project: personal-e1498138
	Exit Status: 0
~~~~~~~~~~~~~~~~~~~~~~~~~~~~~~~~~~~~~~~~~~~~~~~~~~~~~~~~~~~~~~~~~~~~~~~~~~~~~~~~~~~~~~~~~~
	NCPUs: Requested(4), Used(4)
	CPU Time Used: 05:50:01
	Memory: Requested(32gb), Used(20841144kb)
	Vmem Used: 31943448kb
	Walltime: Requested(48:00:00), Used(05:52:03)
~~~~~~~~~~~~~~~~~~~~~~~~~~~~~~~~~~~~~~~~~~~~~~~~~~~~~~~~~~~~~~~~~~~~~~~~~~~~~~~~~~~~~~~~~~
	Execution Nodes Used: (GN-A40-001[0]:ncpus=4:ngpus=1:mem=33554432kb)
~~~~~~~~~~~~~~~~~~~~~~~~~~~~~~~~~~~~~~~~~~~~~~~~~~~~~~~~~~~~~~~~~~~~~~~~~~~~~~~~~~~~~~~~~~
	No GPU-related information available for this job.
Using dt = 10 seconds, T = 0.08333333333333333 years
Initializing waveform generator...
Creating GenerateEMRIWaveform class...
Done initializing waveform generator.
Creating GravWaveAnalysis class...
Initializing TIME-MAXIMIZED loglike class...
Done initializing TIME-MAXIMIZED loglike class.
Calculating TIME-MAXIMIZED SNR...
TIME-MAXIMIZED SNR calculated: 11.813973448512671
Setting up log_density and prior functions...
2 year sigmas: [8.47413325e-05 1.01378439e-04 3.49039352e-04 2.40285811e-03
 4.45624469e-05]
Done setting up log-likelihood and prior.
Setting up ParisMC sampler...
Done setting up ParisMC sampler.
Setting up initial covariance matrix...
Done setting up initial covariance matrix.
Initializing sampler...
Done initializing sampler.
Preparing LHS samples...
Done preparing LHS samples.
Running TIME-MAXIMIZED sampling...
Job completed at Fri Dec 19 07:28:03 PM +08 2025
~~~~~~~~~~~~~~~~~~~~~~~~~~~~~~~~~~~~~~~~~~~~~~~~~~~~~~~~~~~~~~~~~~~~~~~~~~~~~~~~~~~~~~~~~~
			Resource Usage on 2025-12-19 19:28:04.243560:
~~~~~~~~~~~~~~~~~~~~~~~~~~~~~~~~~~~~~~~~~~~~~~~~~~~~~~~~~~~~~~~~~~~~~~~~~~~~~~~~~~~~~~~~~~
	JobId: 476460.stdct-mgmt-02
	Project: personal-e1498138
	Exit Status: 0
~~~~~~~~~~~~~~~~~~~~~~~~~~~~~~~~~~~~~~~~~~~~~~~~~~~~~~~~~~~~~~~~~~~~~~~~~~~~~~~~~~~~~~~~~~
	NCPUs: Requested(4), Used(4)
	CPU Time Used: 04:33:28
	Memory: Requested(32gb), Used(20581996kb)
	Vmem Used: 28827600kb
	Walltime: Requested(48:00:00), Used(04:35:09)
~~~~~~~~~~~~~~~~~~~~~~~~~~~~~~~~~~~~~~~~~~~~~~~~~~~~~~~~~~~~~~~~~~~~~~~~~~~~~~~~~~~~~~~~~~
	Execution Nodes Used: (GN-A40-007[1]:ncpus=4:ngpus=1:mem=33554432kb)
~~~~~~~~~~~~~~~~~~~~~~~~~~~~~~~~~~~~~~~~~~~~~~~~~~~~~~~~~~~~~~~~~~~~~~~~~~~~~~~~~~~~~~~~~~
	No GPU-related information available for this job.
Using dt = 10 seconds, T = 0.08333333333333333 years
Initializing waveform generator...
Creating GenerateEMRIWaveform class...
Done initializing waveform generator.
Creating GravWaveAnalysis class...
Initializing TIME-MAXIMIZED loglike class...
Done initializing TIME-MAXIMIZED loglike class.
Calculating TIME-MAXIMIZED SNR...
TIME-MAXIMIZED SNR calculated: 16.707481476402265
Setting up log_density and prior functions...
2 year sigmas: [8.47413325e-05 1.01378439e-04 3.49039352e-04 2.40285811e-03
 4.45624469e-05]
Done setting up log-likelihood and prior.
Setting up ParisMC sampler...
Done setting up ParisMC sampler.
Setting up initial covariance matrix...
Done setting up initial covariance matrix.
Initializing sampler...
Done initializing sampler.
Preparing LHS samples...
Done preparing LHS samples.
Running TIME-MAXIMIZED sampling...
Done running TIME-MAXIMIZED sampling.
Job completed at Sun Dec 21 02:52:41 AM +08 2025
~~~~~~~~~~~~~~~~~~~~~~~~~~~~~~~~~~~~~~~~~~~~~~~~~~~~~~~~~~~~~~~~~~~~~~~~~~~~~~~~~~~~~~~~~~
			Resource Usage on 2025-12-21 02:52:43.419360:
~~~~~~~~~~~~~~~~~~~~~~~~~~~~~~~~~~~~~~~~~~~~~~~~~~~~~~~~~~~~~~~~~~~~~~~~~~~~~~~~~~~~~~~~~~
	JobId: 476667.stdct-mgmt-02
	Project: personal-e1498138
	Exit Status: 0
~~~~~~~~~~~~~~~~~~~~~~~~~~~~~~~~~~~~~~~~~~~~~~~~~~~~~~~~~~~~~~~~~~~~~~~~~~~~~~~~~~~~~~~~~~
	NCPUs: Requested(4), Used(4)
	CPU Time Used: 38:13:12
	Memory: Requested(32gb), Used(11823416kb)
	Vmem Used: 21693804kb
	Walltime: Requested(48:00:00), Used(29:57:31)
~~~~~~~~~~~~~~~~~~~~~~~~~~~~~~~~~~~~~~~~~~~~~~~~~~~~~~~~~~~~~~~~~~~~~~~~~~~~~~~~~~~~~~~~~~
	Execution Nodes Used: (GN-A40-007[1]:ncpus=4:ngpus=1:mem=33554432kb)
~~~~~~~~~~~~~~~~~~~~~~~~~~~~~~~~~~~~~~~~~~~~~~~~~~~~~~~~~~~~~~~~~~~~~~~~~~~~~~~~~~~~~~~~~~
	No GPU-related information available for this job.
Using dt = 10 seconds, T = 0.08333333333333333 years
Initializing waveform generator...
Creating GenerateEMRIWaveform class...
Done initializing waveform generator.
Creating GravWaveAnalysis class...
Initializing TIME-MAXIMIZED loglike class...
Done initializing TIME-MAXIMIZED loglike class.
Calculating TIME-MAXIMIZED SNR...
TIME-MAXIMIZED SNR calculated: 5.283339408229158
Setting up log_density and prior functions...
2 year sigmas: [8.47413325e-05 1.01378439e-04 3.49039352e-04 2.40285811e-03
 4.45624469e-05]
Done setting up log-likelihood and prior.
Setting up ParisMC sampler...
Done setting up ParisMC sampler.
Setting up initial covariance matrix...
Done setting up initial covariance matrix.
Initializing sampler...
Done initializing sampler.
Preparing LHS samples...
Done preparing LHS samples.
Running TIME-MAXIMIZED sampling...
Done running TIME-MAXIMIZED sampling.
Job completed at Mon Dec 22 10:58:25 AM +08 2025
~~~~~~~~~~~~~~~~~~~~~~~~~~~~~~~~~~~~~~~~~~~~~~~~~~~~~~~~~~~~~~~~~~~~~~~~~~~~~~~~~~~~~~~~~~
			Resource Usage on 2025-12-22 10:58:27.490005:
~~~~~~~~~~~~~~~~~~~~~~~~~~~~~~~~~~~~~~~~~~~~~~~~~~~~~~~~~~~~~~~~~~~~~~~~~~~~~~~~~~~~~~~~~~
	JobId: 477307.stdct-mgmt-02
	Project: personal-e1498138
	Exit Status: 0
~~~~~~~~~~~~~~~~~~~~~~~~~~~~~~~~~~~~~~~~~~~~~~~~~~~~~~~~~~~~~~~~~~~~~~~~~~~~~~~~~~~~~~~~~~
	NCPUs: Requested(4), Used(4)
	CPU Time Used: 24:51:59
	Memory: Requested(32gb), Used(11894944kb)
	Vmem Used: 23077940kb
	Walltime: Requested(48:00:00), Used(22:33:07)
~~~~~~~~~~~~~~~~~~~~~~~~~~~~~~~~~~~~~~~~~~~~~~~~~~~~~~~~~~~~~~~~~~~~~~~~~~~~~~~~~~~~~~~~~~
	Execution Nodes Used: (GN-A40-008[0]:ncpus=4:ngpus=1:mem=33554432kb)
~~~~~~~~~~~~~~~~~~~~~~~~~~~~~~~~~~~~~~~~~~~~~~~~~~~~~~~~~~~~~~~~~~~~~~~~~~~~~~~~~~~~~~~~~~
	No GPU-related information available for this job.
Using dt = 10 seconds, T = 0.08333333333333333 years
Initializing waveform generator...
Creating GenerateEMRIWaveform class...
Done initializing waveform generator.
Creating GravWaveAnalysis class...
Initializing TIME-MAXIMIZED loglike class...
Done initializing TIME-MAXIMIZED loglike class.
Calculating TIME-MAXIMIZED SNR...
TIME-MAXIMIZED SNR calculated: 5.283339408229158
Setting up log_density and prior functions...
2 year sigmas: [8.47413325e-05 1.01378439e-04 3.49039352e-04 2.40285811e-03
 4.45624469e-05]
Done setting up log-likelihood and prior.
Setting up ParisMC sampler...
Done setting up ParisMC sampler.
Setting up initial covariance matrix...
Done setting up initial covariance matrix.
Initializing sampler...
Done initializing sampler.
Preparing LHS samples...
Done preparing LHS samples.
Running TIME-MAXIMIZED sampling...
Done running TIME-MAXIMIZED sampling.
Job completed at Tue Dec 23 03:26:04 PM +08 2025
~~~~~~~~~~~~~~~~~~~~~~~~~~~~~~~~~~~~~~~~~~~~~~~~~~~~~~~~~~~~~~~~~~~~~~~~~~~~~~~~~~~~~~~~~~
			Resource Usage on 2025-12-23 15:26:11.829194:
~~~~~~~~~~~~~~~~~~~~~~~~~~~~~~~~~~~~~~~~~~~~~~~~~~~~~~~~~~~~~~~~~~~~~~~~~~~~~~~~~~~~~~~~~~
	JobId: 482168.stdct-mgmt-02
	Project: personal-e1498138
	Exit Status: 0
~~~~~~~~~~~~~~~~~~~~~~~~~~~~~~~~~~~~~~~~~~~~~~~~~~~~~~~~~~~~~~~~~~~~~~~~~~~~~~~~~~~~~~~~~~
	NCPUs: Requested(4), Used(4)
	CPU Time Used: 32:25:59
	Memory: Requested(32gb), Used(11836064kb)
	Vmem Used: 23091520kb
	Walltime: Requested(48:00:00), Used(25:16:22)
~~~~~~~~~~~~~~~~~~~~~~~~~~~~~~~~~~~~~~~~~~~~~~~~~~~~~~~~~~~~~~~~~~~~~~~~~~~~~~~~~~~~~~~~~~
	Execution Nodes Used: (GN-A40-008[0]:ncpus=4:ngpus=1:mem=33554432kb)
~~~~~~~~~~~~~~~~~~~~~~~~~~~~~~~~~~~~~~~~~~~~~~~~~~~~~~~~~~~~~~~~~~~~~~~~~~~~~~~~~~~~~~~~~~
	No GPU-related information available for this job.
