Computing LHS densities:   0%|          | 0/10000 [00:00<?, ?it/s](ModeSelector) Warning: Mode selection is large. Instantiate class with mode selection rather than providing it at call time for better performance.
(ModeSelector) Warning: Mode selection is large. Instantiate class with mode selection rather than providing it at call time for better performance.
(ModeSelector) Warning: Mode selection is large. Instantiate class with mode selection rather than providing it at call time for better performance.
(ModeSelector) Warning: Mode selection is large. Instantiate class with mode selection rather than providing it at call time for better performance.
(ModeSelector) Warning: Mode selection is large. Instantiate class with mode selection rather than providing it at call time for better performance.
(ModeSelector) Warning: Mode selection is large. Instantiate class with mode selection rather than providing it at call time for better performance.
(ModeSelector) Warning: Mode selection is large. Instantiate class with mode selection rather than providing it at call time for better performance.
(ModeSelector) Warning: Mode selection is large. Instantiate class with mode selection rather than providing it at call time for better performance.
(ModeSelector) Warning: Mode selection is large. Instantiate class with mode selection rather than providing it at call time for better performance.
(ModeSelector) Warning: Mode selection is large. Instantiate class with mode selection rather than providing it at call time for better performance.
Computing LHS densities:   0%|          | 1/10000 [00:05<15:38:22,  5.63s/it](ModeSelector) Warning: Mode selection is large. Instantiate class with mode selection rather than providing it at call time for better performance.
(ModeSelector) Warning: Mode selection is large. Instantiate class with mode selection rather than providing it at call time for better performance.
(ModeSelector) Warning: Mode selection is large. Instantiate class with mode selection rather than providing it at call time for better performance.
(ModeSelector) Warning: Mode selection is large. Instantiate class with mode selection rather than providing it at call time for better performance.
(ModeSelector) Warning: Mode selection is large. Instantiate class with mode selection rather than providing it at call time for better performance.
(ModeSelector) Warning: Mode selection is large. Instantiate class with mode selection rather than providing it at call time for better performance.
(ModeSelector) Warning: Mode selection is large. Instantiate class with mode selection rather than providing it at call time for better performance.
(ModeSelector) Warning: Mode selection is large. Instantiate class with mode selection rather than providing it at call time for better performance.
(ModeSelector) Warning: Mode selection is large. Instantiate class with mode selection rather than providing it at call time for better performance.
(ModeSelector) Warning: Mode selection is large. Instantiate class with mode selection rather than providing it at call time for better performance.
Computing LHS densities:   0%|          | 2/10000 [00:10<14:32:42,  5.24s/it](ModeSelector) Warning: Mode selection is large. Instantiate class with mode selection rather than providing it at call time for better performance.
(ModeSelector) Warning: Mode selection is large. Instantiate class with mode selection rather than providing it at call time for better performance.
(ModeSelector) Warning: Mode selection is large. Instantiate class with mode selection rather than providing it at call time for better performance.
(ModeSelector) Warning: Mode selection is large. Instantiate class with mode selection rather than providing it at call time for better performance.
(ModeSelector) Warning: Mode selection is large. Instantiate class with mode selection rather than providing it at call time for better performance.
(ModeSelector) Warning: Mode selection is large. Instantiate class with mode selection rather than providing it at call time for better performance.
(ModeSelector) Warning: Mode selection is large. Instantiate class with mode selection rather than providing it at call time for better performance.
(ModeSelector) Warning: Mode selection is large. Instantiate class with mode selection rather than providing it at call time for better performance.
(ModeSelector) Warning: Mode selection is large. Instantiate class with mode selection rather than providing it at call time for better performance.
(ModeSelector) Warning: Mode selection is large. Instantiate class with mode selection rather than providing it at call time for better performance.
Computing LHS densities:   0%|          | 3/10000 [00:16<15:30:40,  5.59s/it](ModeSelector) Warning: Mode selection is large. Instantiate class with mode selection rather than providing it at call time for better performance.
(ModeSelector) Warning: Mode selection is large. Instantiate class with mode selection rather than providing it at call time for better performance.
(ModeSelector) Warning: Mode selection is large. Instantiate class with mode selection rather than providing it at call time for better performance.
(ModeSelector) Warning: Mode selection is large. Instantiate class with mode selection rather than providing it at call time for better performance.
(ModeSelector) Warning: Mode selection is large. Instantiate class with mode selection rather than providing it at call time for better performance.
(ModeSelector) Warning: Mode selection is large. Instantiate class with mode selection rather than providing it at call time for better performance.
(ModeSelector) Warning: Mode selection is large. Instantiate class with mode selection rather than providing it at call time for better performance.
(ModeSelector) Warning: Mode selection is large. Instantiate class with mode selection rather than providing it at call time for better performance.
(ModeSelector) Warning: Mode selection is large. Instantiate class with mode selection rather than providing it at call time for better performance.
(ModeSelector) Warning: Mode selection is large. Instantiate class with mode selection rather than providing it at call time for better performance.
Computing LHS densities:   0%|          | 4/10000 [00:21<14:48:56,  5.34s/it](ModeSelector) Warning: Mode selection is large. Instantiate class with mode selection rather than providing it at call time for better performance.
(ModeSelector) Warning: Mode selection is large. Instantiate class with mode selection rather than providing it at call time for better performance.
(ModeSelector) Warning: Mode selection is large. Instantiate class with mode selection rather than providing it at call time for better performance.
(ModeSelector) Warning: Mode selection is large. Instantiate class with mode selection rather than providing it at call time for better performance.
(ModeSelector) Warning: Mode selection is large. Instantiate class with mode selection rather than providing it at call time for better performance.
(ModeSelector) Warning: Mode selection is large. Instantiate class with mode selection rather than providing it at call time for better performance.
(ModeSelector) Warning: Mode selection is large. Instantiate class with mode selection rather than providing it at call time for better performance.
(ModeSelector) Warning: Mode selection is large. Instantiate class with mode selection rather than providing it at call time for better performance.
(ModeSelector) Warning: Mode selection is large. Instantiate class with mode selection rather than providing it at call time for better performance.
(ModeSelector) Warning: Mode selection is large. Instantiate class with mode selection rather than providing it at call time for better performance.
Computing LHS densities:   0%|          | 5/10000 [00:26<14:25:00,  5.19s/it](ModeSelector) Warning: Mode selection is large. Instantiate class with mode selection rather than providing it at call time for better performance.
(ModeSelector) Warning: Mode selection is large. Instantiate class with mode selection rather than providing it at call time for better performance.
(ModeSelector) Warning: Mode selection is large. Instantiate class with mode selection rather than providing it at call time for better performance.
(ModeSelector) Warning: Mode selection is large. Instantiate class with mode selection rather than providing it at call time for better performance.
(ModeSelector) Warning: Mode selection is large. Instantiate class with mode selection rather than providing it at call time for better performance.
(ModeSelector) Warning: Mode selection is large. Instantiate class with mode selection rather than providing it at call time for better performance.
(ModeSelector) Warning: Mode selection is large. Instantiate class with mode selection rather than providing it at call time for better performance.
(ModeSelector) Warning: Mode selection is large. Instantiate class with mode selection rather than providing it at call time for better performance.
(ModeSelector) Warning: Mode selection is large. Instantiate class with mode selection rather than providing it at call time for better performance.
(ModeSelector) Warning: Mode selection is large. Instantiate class with mode selection rather than providing it at call time for better performance.
Computing LHS densities:   0%|          | 6/10000 [00:31<14:10:32,  5.11s/it](ModeSelector) Warning: Mode selection is large. Instantiate class with mode selection rather than providing it at call time for better performance.
(ModeSelector) Warning: Mode selection is large. Instantiate class with mode selection rather than providing it at call time for better performance.
(ModeSelector) Warning: Mode selection is large. Instantiate class with mode selection rather than providing it at call time for better performance.
(ModeSelector) Warning: Mode selection is large. Instantiate class with mode selection rather than providing it at call time for better performance.
(ModeSelector) Warning: Mode selection is large. Instantiate class with mode selection rather than providing it at call time for better performance.
(ModeSelector) Warning: Mode selection is large. Instantiate class with mode selection rather than providing it at call time for better performance.
(ModeSelector) Warning: Mode selection is large. Instantiate class with mode selection rather than providing it at call time for better performance.
(ModeSelector) Warning: Mode selection is large. Instantiate class with mode selection rather than providing it at call time for better performance.
(ModeSelector) Warning: Mode selection is large. Instantiate class with mode selection rather than providing it at call time for better performance.
(ModeSelector) Warning: Mode selection is large. Instantiate class with mode selection rather than providing it at call time for better performance.
Computing LHS densities:   0%|          | 7/10000 [00:36<14:02:17,  5.06s/it](ModeSelector) Warning: Mode selection is large. Instantiate class with mode selection rather than providing it at call time for better performance.
(ModeSelector) Warning: Mode selection is large. Instantiate class with mode selection rather than providing it at call time for better performance.
(ModeSelector) Warning: Mode selection is large. Instantiate class with mode selection rather than providing it at call time for better performance.
(ModeSelector) Warning: Mode selection is large. Instantiate class with mode selection rather than providing it at call time for better performance.
(ModeSelector) Warning: Mode selection is large. Instantiate class with mode selection rather than providing it at call time for better performance.
(ModeSelector) Warning: Mode selection is large. Instantiate class with mode selection rather than providing it at call time for better performance.
(ModeSelector) Warning: Mode selection is large. Instantiate class with mode selection rather than providing it at call time for better performance.
(ModeSelector) Warning: Mode selection is large. Instantiate class with mode selection rather than providing it at call time for better performance.
(ModeSelector) Warning: Mode selection is large. Instantiate class with mode selection rather than providing it at call time for better performance.
(ModeSelector) Warning: Mode selection is large. Instantiate class with mode selection rather than providing it at call time for better performance.
Computing LHS densities:   0%|          | 8/10000 [00:41<13:57:01,  5.03s/it](ModeSelector) Warning: Mode selection is large. Instantiate class with mode selection rather than providing it at call time for better performance.
(ModeSelector) Warning: Mode selection is large. Instantiate class with mode selection rather than providing it at call time for better performance.
(ModeSelector) Warning: Mode selection is large. Instantiate class with mode selection rather than providing it at call time for better performance.
(ModeSelector) Warning: Mode selection is large. Instantiate class with mode selection rather than providing it at call time for better performance.
(ModeSelector) Warning: Mode selection is large. Instantiate class with mode selection rather than providing it at call time for better performance.
(ModeSelector) Warning: Mode selection is large. Instantiate class with mode selection rather than providing it at call time for better performance.
(ModeSelector) Warning: Mode selection is large. Instantiate class with mode selection rather than providing it at call time for better performance.
(ModeSelector) Warning: Mode selection is large. Instantiate class with mode selection rather than providing it at call time for better performance.
(ModeSelector) Warning: Mode selection is large. Instantiate class with mode selection rather than providing it at call time for better performance.
(ModeSelector) Warning: Mode selection is large. Instantiate class with mode selection rather than providing it at call time for better performance.
Computing LHS densities:   0%|          | 9/10000 [00:46<13:53:00,  5.00s/it](ModeSelector) Warning: Mode selection is large. Instantiate class with mode selection rather than providing it at call time for better performance.
(ModeSelector) Warning: Mode selection is large. Instantiate class with mode selection rather than providing it at call time for better performance.
(ModeSelector) Warning: Mode selection is large. Instantiate class with mode selection rather than providing it at call time for better performance.
(ModeSelector) Warning: Mode selection is large. Instantiate class with mode selection rather than providing it at call time for better performance.
(ModeSelector) Warning: Mode selection is large. Instantiate class with mode selection rather than providing it at call time for better performance.
(ModeSelector) Warning: Mode selection is large. Instantiate class with mode selection rather than providing it at call time for better performance.
(ModeSelector) Warning: Mode selection is large. Instantiate class with mode selection rather than providing it at call time for better performance.
(ModeSelector) Warning: Mode selection is large. Instantiate class with mode selection rather than providing it at call time for better performance.
(ModeSelector) Warning: Mode selection is large. Instantiate class with mode selection rather than providing it at call time for better performance.
(ModeSelector) Warning: Mode selection is large. Instantiate class with mode selection rather than providing it at call time for better performance.
Computing LHS densities:   0%|          | 10/10000 [00:51<13:49:51,  4.98s/it](ModeSelector) Warning: Mode selection is large. Instantiate class with mode selection rather than providing it at call time for better performance.
(ModeSelector) Warning: Mode selection is large. Instantiate class with mode selection rather than providing it at call time for better performance.
(ModeSelector) Warning: Mode selection is large. Instantiate class with mode selection rather than providing it at call time for better performance.
(ModeSelector) Warning: Mode selection is large. Instantiate class with mode selection rather than providing it at call time for better performance.
(ModeSelector) Warning: Mode selection is large. Instantiate class with mode selection rather than providing it at call time for better performance.
(ModeSelector) Warning: Mode selection is large. Instantiate class with mode selection rather than providing it at call time for better performance.
(ModeSelector) Warning: Mode selection is large. Instantiate class with mode selection rather than providing it at call time for better performance.
(ModeSelector) Warning: Mode selection is large. Instantiate class with mode selection rather than providing it at call time for better performance.
(ModeSelector) Warning: Mode selection is large. Instantiate class with mode selection rather than providing it at call time for better performance.
(ModeSelector) Warning: Mode selection is large. Instantiate class with mode selection rather than providing it at call time for better performance.
Computing LHS densities:   0%|          | 11/10000 [00:56<13:48:20,  4.98s/it](ModeSelector) Warning: Mode selection is large. Instantiate class with mode selection rather than providing it at call time for better performance.
(ModeSelector) Warning: Mode selection is large. Instantiate class with mode selection rather than providing it at call time for better performance.
(ModeSelector) Warning: Mode selection is large. Instantiate class with mode selection rather than providing it at call time for better performance.
(ModeSelector) Warning: Mode selection is large. Instantiate class with mode selection rather than providing it at call time for better performance.
(ModeSelector) Warning: Mode selection is large. Instantiate class with mode selection rather than providing it at call time for better performance.
(ModeSelector) Warning: Mode selection is large. Instantiate class with mode selection rather than providing it at call time for better performance.
(ModeSelector) Warning: Mode selection is large. Instantiate class with mode selection rather than providing it at call time for better performance.
(ModeSelector) Warning: Mode selection is large. Instantiate class with mode selection rather than providing it at call time for better performance.
(ModeSelector) Warning: Mode selection is large. Instantiate class with mode selection rather than providing it at call time for better performance.
(ModeSelector) Warning: Mode selection is large. Instantiate class with mode selection rather than providing it at call time for better performance.
Computing LHS densities:   0%|          | 12/10000 [01:01<13:46:58,  4.97s/it](ModeSelector) Warning: Mode selection is large. Instantiate class with mode selection rather than providing it at call time for better performance.
(ModeSelector) Warning: Mode selection is large. Instantiate class with mode selection rather than providing it at call time for better performance.
(ModeSelector) Warning: Mode selection is large. Instantiate class with mode selection rather than providing it at call time for better performance.
(ModeSelector) Warning: Mode selection is large. Instantiate class with mode selection rather than providing it at call time for better performance.
(ModeSelector) Warning: Mode selection is large. Instantiate class with mode selection rather than providing it at call time for better performance.
(ModeSelector) Warning: Mode selection is large. Instantiate class with mode selection rather than providing it at call time for better performance.
(ModeSelector) Warning: Mode selection is large. Instantiate class with mode selection rather than providing it at call time for better performance.
(ModeSelector) Warning: Mode selection is large. Instantiate class with mode selection rather than providing it at call time for better performance.
(ModeSelector) Warning: Mode selection is large. Instantiate class with mode selection rather than providing it at call time for better performance.
(ModeSelector) Warning: Mode selection is large. Instantiate class with mode selection rather than providing it at call time for better performance.
Computing LHS densities:   0%|          | 13/10000 [01:06<13:46:47,  4.97s/it](ModeSelector) Warning: Mode selection is large. Instantiate class with mode selection rather than providing it at call time for better performance.
(ModeSelector) Warning: Mode selection is large. Instantiate class with mode selection rather than providing it at call time for better performance.
(ModeSelector) Warning: Mode selection is large. Instantiate class with mode selection rather than providing it at call time for better performance.
(ModeSelector) Warning: Mode selection is large. Instantiate class with mode selection rather than providing it at call time for better performance.
(ModeSelector) Warning: Mode selection is large. Instantiate class with mode selection rather than providing it at call time for better performance.
(ModeSelector) Warning: Mode selection is large. Instantiate class with mode selection rather than providing it at call time for better performance.
(ModeSelector) Warning: Mode selection is large. Instantiate class with mode selection rather than providing it at call time for better performance.
(ModeSelector) Warning: Mode selection is large. Instantiate class with mode selection rather than providing it at call time for better performance.
(ModeSelector) Warning: Mode selection is large. Instantiate class with mode selection rather than providing it at call time for better performance.
(ModeSelector) Warning: Mode selection is large. Instantiate class with mode selection rather than providing it at call time for better performance.
Computing LHS densities:   0%|          | 14/10000 [01:11<13:46:19,  4.96s/it](ModeSelector) Warning: Mode selection is large. Instantiate class with mode selection rather than providing it at call time for better performance.
(ModeSelector) Warning: Mode selection is large. Instantiate class with mode selection rather than providing it at call time for better performance.
(ModeSelector) Warning: Mode selection is large. Instantiate class with mode selection rather than providing it at call time for better performance.
(ModeSelector) Warning: Mode selection is large. Instantiate class with mode selection rather than providing it at call time for better performance.
(ModeSelector) Warning: Mode selection is large. Instantiate class with mode selection rather than providing it at call time for better performance.
(ModeSelector) Warning: Mode selection is large. Instantiate class with mode selection rather than providing it at call time for better performance.
(ModeSelector) Warning: Mode selection is large. Instantiate class with mode selection rather than providing it at call time for better performance.
(ModeSelector) Warning: Mode selection is large. Instantiate class with mode selection rather than providing it at call time for better performance.
(ModeSelector) Warning: Mode selection is large. Instantiate class with mode selection rather than providing it at call time for better performance.
(ModeSelector) Warning: Mode selection is large. Instantiate class with mode selection rather than providing it at call time for better performance.
Traceback (most recent call last):
  File "/nfs/home/svu/e1498138/localgit/FEWNEW/work/search/intrinsic_ffunc_1mth_moremodes.py", line 142, in <module>
    loglike_obj = loglikegen.LogLike(params_star, 
                  ^^^^^^^^^^
NameError: name 'loglikegen' is not defined
Traceback (most recent call last):
  File "/nfs/home/svu/e1498138/localgit/FEWNEW/work/search/intrinsic_ffunc_1mth_moremodes.py", line 142, in <module>
    loglike_obj = loglikegen.LogLike(params_star, 
                  ^^^^^^^^^^^^^^^^^^^^^^^^^^^^^^^
  File "/nfs/home/svu/e1498138/localgit/FEWNEW/work/loglikegen.py", line 125, in __init__
    self.waveform_gen_with_modes = GenerateEMRIWaveform(
                                   ^^^^^^^^^^^^^^^^^^^^^
  File "/nfs/home/svu/e1498138/localgit/FEW_SM/FastEMRIWaveforms/src/few/waveform/waveform.py", line 99, in __init__
    self.waveform_generator = waveform_class(*args, **kwargs)
                              ^^^^^^^^^^^^^^^^^^^^^^^^^^^^^^^
TypeError: SphericalHarmonicWaveformBase.__init__() got an unexpected keyword argument 'use_gpu'
Traceback (most recent call last):
  File "/nfs/home/svu/e1498138/localgit/FEWNEW/work/search/intrinsic_ffunc_1mth_moremodes.py", line 142, in <module>
    loglike_obj = loglikegen.LogLike(params_star, 
                  ^^^^^^^^^^^^^^^^^^^^^^^^^^^^^^^
  File "/nfs/home/svu/e1498138/localgit/FEWNEW/work/loglikegen.py", line 125, in __init__
    inspiral_kwargs = self.waveform_gen_sep.waveform_generator.inspiral_generator.kwargs.copy()
                      ^^^^^^^^^^^^^^^^^^^^^^^^^^^^^^^^^^^^^^^^^^^^^^^^^^^^^^^^^^^^^^^^^^
AttributeError: 'EMRIInspiral' object has no attribute 'kwargs'
