Using dt = 10 seconds, T = 0.08333333333333333 years
Initializing waveform generator...
Creating GenerateEMRIWaveform class...
Done initializing waveform generator.
Creating GravWaveAnalysis class...
Initializing loglike class...
Done initializing loglike class.
Calculating SNR...
SNR calculated: 5.283339408229159
Setting up log_density and prior functions...
2 year sigmas: [8.47413325e-05 1.01378439e-04 3.49039352e-04 2.40285811e-03
 4.45624469e-05]
Done setting up log-likelihood and prior.
Setting up ParisMC sampler...
Done setting up ParisMC sampler.
Setting up initial covariance matrix...
Done setting up initial covariance matrix.
Initializing sampler...
Done initializing sampler.
Preparing LHS samples...
Done preparing LHS samples.
Running sampling...
~~~~~~~~~~~~~~~~~~~~~~~~~~~~~~~~~~~~~~~~~~~~~~~~~~~~~~~~~~~~~~~~~~~~~~~~~~~~~~~~~~~~~~~~~~
			Resource Usage on 2025-12-16 16:04:36.734631:
~~~~~~~~~~~~~~~~~~~~~~~~~~~~~~~~~~~~~~~~~~~~~~~~~~~~~~~~~~~~~~~~~~~~~~~~~~~~~~~~~~~~~~~~~~
	JobId: 458447.stdct-mgmt-02
	Project: personal-e1498138
	Exit Status: -29
~~~~~~~~~~~~~~~~~~~~~~~~~~~~~~~~~~~~~~~~~~~~~~~~~~~~~~~~~~~~~~~~~~~~~~~~~~~~~~~~~~~~~~~~~~
	NCPUs: Requested(4), Used(4)
	CPU Time Used: 24:14:23
	Memory: Requested(32gb), Used(11905816kb)
	Vmem Used: 26750348kb
	Walltime: Requested(24:00:00), Used(24:01:36)
~~~~~~~~~~~~~~~~~~~~~~~~~~~~~~~~~~~~~~~~~~~~~~~~~~~~~~~~~~~~~~~~~~~~~~~~~~~~~~~~~~~~~~~~~~
	Execution Nodes Used: (GN-A40-005[0]:ncpus=4:ngpus=1:mem=33554432kb)
~~~~~~~~~~~~~~~~~~~~~~~~~~~~~~~~~~~~~~~~~~~~~~~~~~~~~~~~~~~~~~~~~~~~~~~~~~~~~~~~~~~~~~~~~~
	No GPU-related information available for this job.
Using dt = 10 seconds, T = 0.08333333333333333 years
Initializing waveform generator...
Creating GenerateEMRIWaveform class...
Done initializing waveform generator.
Creating GravWaveAnalysis class...
Initializing loglike class...
Done initializing loglike class.
Calculating SNR...
SNR calculated: 5.283339408229159
Setting up log_density and prior functions...
2 year sigmas: [8.47413325e-05 1.01378439e-04 3.49039352e-04 2.40285811e-03
 4.45624469e-05]
Done setting up log-likelihood and prior.
Setting up ParisMC sampler...
Done setting up ParisMC sampler.
Setting up initial covariance matrix...
Done setting up initial covariance matrix.
Initializing sampler...
Done initializing sampler.
Preparing LHS samples...
Done preparing LHS samples.
Running sampling...
~~~~~~~~~~~~~~~~~~~~~~~~~~~~~~~~~~~~~~~~~~~~~~~~~~~~~~~~~~~~~~~~~~~~~~~~~~~~~~~~~~~~~~~~~~
			Resource Usage on 2025-12-17 23:30:46.488566:
~~~~~~~~~~~~~~~~~~~~~~~~~~~~~~~~~~~~~~~~~~~~~~~~~~~~~~~~~~~~~~~~~~~~~~~~~~~~~~~~~~~~~~~~~~
	JobId: 459982.stdct-mgmt-02
	Project: personal-e1498138
	Exit Status: -29
~~~~~~~~~~~~~~~~~~~~~~~~~~~~~~~~~~~~~~~~~~~~~~~~~~~~~~~~~~~~~~~~~~~~~~~~~~~~~~~~~~~~~~~~~~
	NCPUs: Requested(4), Used(4)
	CPU Time Used: 29:40:15
	Memory: Requested(32gb), Used(11898008kb)
	Vmem Used: 26686352kb
	Walltime: Requested(24:00:00), Used(24:01:44)
~~~~~~~~~~~~~~~~~~~~~~~~~~~~~~~~~~~~~~~~~~~~~~~~~~~~~~~~~~~~~~~~~~~~~~~~~~~~~~~~~~~~~~~~~~
	Execution Nodes Used: (GN-A40-008[0]:ncpus=4:ngpus=1:mem=33554432kb)
~~~~~~~~~~~~~~~~~~~~~~~~~~~~~~~~~~~~~~~~~~~~~~~~~~~~~~~~~~~~~~~~~~~~~~~~~~~~~~~~~~~~~~~~~~
	No GPU-related information available for this job.
Using dt = 10 seconds, T = 0.08333333333333333 years
Initializing waveform generator...
Creating GenerateEMRIWaveform class...
Done initializing waveform generator.
Creating GravWaveAnalysis class...
Initializing loglike class...
Done initializing loglike class.
Calculating SNR...
SNR calculated: 5.283339408229159
Setting up log_density and prior functions...
2 year sigmas: [8.47413325e-05 1.01378439e-04 3.49039352e-04 2.40285811e-03
 4.45624469e-05]
Done setting up log-likelihood and prior.
Setting up ParisMC sampler...
Done setting up ParisMC sampler.
Setting up initial covariance matrix...
Done setting up initial covariance matrix.
Initializing sampler...
Done initializing sampler.
Preparing LHS samples...
Done preparing LHS samples.
Running sampling...
Done running sampling.
Job completed at Sat Dec 20 10:32:09 AM +08 2025
~~~~~~~~~~~~~~~~~~~~~~~~~~~~~~~~~~~~~~~~~~~~~~~~~~~~~~~~~~~~~~~~~~~~~~~~~~~~~~~~~~~~~~~~~~
			Resource Usage on 2025-12-20 10:32:10.398045:
~~~~~~~~~~~~~~~~~~~~~~~~~~~~~~~~~~~~~~~~~~~~~~~~~~~~~~~~~~~~~~~~~~~~~~~~~~~~~~~~~~~~~~~~~~
	JobId: 462864.stdct-mgmt-02
	Project: personal-e1498138
	Exit Status: 0
~~~~~~~~~~~~~~~~~~~~~~~~~~~~~~~~~~~~~~~~~~~~~~~~~~~~~~~~~~~~~~~~~~~~~~~~~~~~~~~~~~~~~~~~~~
	NCPUs: Requested(4), Used(4)
	CPU Time Used: 94:21:23
	Memory: Requested(32gb), Used(11895328kb)
	Vmem Used: 26686528kb
	Walltime: Requested(48:00:00), Used(45:53:02)
~~~~~~~~~~~~~~~~~~~~~~~~~~~~~~~~~~~~~~~~~~~~~~~~~~~~~~~~~~~~~~~~~~~~~~~~~~~~~~~~~~~~~~~~~~
	Execution Nodes Used: (GN-A40-007[0]:ncpus=4:ngpus=1:mem=33554432kb)
~~~~~~~~~~~~~~~~~~~~~~~~~~~~~~~~~~~~~~~~~~~~~~~~~~~~~~~~~~~~~~~~~~~~~~~~~~~~~~~~~~~~~~~~~~
	No GPU-related information available for this job.
