Using dt = 10 seconds, T = 0.08333333333333333 years
Initializing waveform generator...
Creating GenerateEMRIWaveform class...
Done initializing waveform generator.
Creating GravWaveAnalysis class...
Initializing loglike class...
Done initializing loglike class.
Calculating SNR...
SNR calculated: 5.283339408229159
Setting up log_density and prior functions...
2 year sigmas: [8.47413325e-05 1.01378439e-04 3.49039352e-04 2.40285811e-03
 4.45624469e-05]
Done setting up log-likelihood and prior.
Loading sampler state from: ./intrinsic_ffunc_1mth_true_1000/sampler_state.pkl
Done loading sampler.
Sampler ndim: 5
Sampler n_seed: 1
Sampler current_iter: 99999
Resuming sampling...
Done resuming sampling.
Job completed at Fri Nov 21 01:23:26 AM +08 2025
~~~~~~~~~~~~~~~~~~~~~~~~~~~~~~~~~~~~~~~~~~~~~~~~~~~~~~~~~~~~~~~~~~~~~~~~~~~~~~~~~~~~~~~~~~
			Resource Usage on 2025-11-21 01:23:27.629213:
~~~~~~~~~~~~~~~~~~~~~~~~~~~~~~~~~~~~~~~~~~~~~~~~~~~~~~~~~~~~~~~~~~~~~~~~~~~~~~~~~~~~~~~~~~
	JobId: 427406.stdct-mgmt-02
	Project: personal-e1498138
	Exit Status: 0
~~~~~~~~~~~~~~~~~~~~~~~~~~~~~~~~~~~~~~~~~~~~~~~~~~~~~~~~~~~~~~~~~~~~~~~~~~~~~~~~~~~~~~~~~~
	NCPUs: Requested(4), Used(4)
	CPU Time Used: 08:03:21
	Memory: Requested(32gb), Used(11865056kb)
	Vmem Used: 20263580kb
	Walltime: Requested(24:00:00), Used(02:02:58)
~~~~~~~~~~~~~~~~~~~~~~~~~~~~~~~~~~~~~~~~~~~~~~~~~~~~~~~~~~~~~~~~~~~~~~~~~~~~~~~~~~~~~~~~~~
	Execution Nodes Used: (GN-A40-003[0]:ncpus=4:ngpus=1:mem=33554432kb)
~~~~~~~~~~~~~~~~~~~~~~~~~~~~~~~~~~~~~~~~~~~~~~~~~~~~~~~~~~~~~~~~~~~~~~~~~~~~~~~~~~~~~~~~~~
	No GPU-related information available for this job.
