Setting up waveform generators...
Creating GravWaveAnalysis...
Initializing loglike class...
Scanning p0...
  Progress: 10/51
  Progress: 20/51
  Progress: 30/51
  Progress: 40/51
  Progress: 50/51
Job completed at Wed Nov 19 10:33:50 PM +08 2025
~~~~~~~~~~~~~~~~~~~~~~~~~~~~~~~~~~~~~~~~~~~~~~~~~~~~~~~~~~~~~~~~~~~~~~~~~~~~~~~~~~~~~~~~~~
			Resource Usage on 2025-11-19 22:33:50.853207:
~~~~~~~~~~~~~~~~~~~~~~~~~~~~~~~~~~~~~~~~~~~~~~~~~~~~~~~~~~~~~~~~~~~~~~~~~~~~~~~~~~~~~~~~~~
	JobId: 424184.stdct-mgmt-02
	Project: personal-e1498138
	Exit Status: 0
~~~~~~~~~~~~~~~~~~~~~~~~~~~~~~~~~~~~~~~~~~~~~~~~~~~~~~~~~~~~~~~~~~~~~~~~~~~~~~~~~~~~~~~~~~
	NCPUs: Requested(4), Used(4)
	CPU Time Used: 00:01:08
	Memory: Requested(32gb), Used(11787460kb)
	Vmem Used: 19520904kb
	Walltime: Requested(24:00:00), Used(00:01:36)
~~~~~~~~~~~~~~~~~~~~~~~~~~~~~~~~~~~~~~~~~~~~~~~~~~~~~~~~~~~~~~~~~~~~~~~~~~~~~~~~~~~~~~~~~~
	Execution Nodes Used: (GN-A40-006[1]:ncpus=4:ngpus=1:mem=33554432kb)
~~~~~~~~~~~~~~~~~~~~~~~~~~~~~~~~~~~~~~~~~~~~~~~~~~~~~~~~~~~~~~~~~~~~~~~~~~~~~~~~~~~~~~~~~~
	No GPU-related information available for this job.
Setting up waveform generators...
Creating GravWaveAnalysis...
Initializing loglike class...
Scanning e0...
  Progress: 10/51
  Progress: 20/51
  Progress: 30/51
  Progress: 40/51
  Progress: 50/51
Job completed at Wed Nov 19 10:37:22 PM +08 2025
~~~~~~~~~~~~~~~~~~~~~~~~~~~~~~~~~~~~~~~~~~~~~~~~~~~~~~~~~~~~~~~~~~~~~~~~~~~~~~~~~~~~~~~~~~
			Resource Usage on 2025-11-19 22:37:23.627837:
~~~~~~~~~~~~~~~~~~~~~~~~~~~~~~~~~~~~~~~~~~~~~~~~~~~~~~~~~~~~~~~~~~~~~~~~~~~~~~~~~~~~~~~~~~
	JobId: 424191.stdct-mgmt-02
	Project: personal-e1498138
	Exit Status: 0
~~~~~~~~~~~~~~~~~~~~~~~~~~~~~~~~~~~~~~~~~~~~~~~~~~~~~~~~~~~~~~~~~~~~~~~~~~~~~~~~~~~~~~~~~~
	NCPUs: Requested(4), Used(4)
	CPU Time Used: 00:01:08
	Memory: Requested(32gb), Used(11787312kb)
	Vmem Used: 23032164kb
	Walltime: Requested(24:00:00), Used(00:01:37)
~~~~~~~~~~~~~~~~~~~~~~~~~~~~~~~~~~~~~~~~~~~~~~~~~~~~~~~~~~~~~~~~~~~~~~~~~~~~~~~~~~~~~~~~~~
	Execution Nodes Used: (GN-A40-006[1]:ncpus=4:ngpus=1:mem=33554432kb)
~~~~~~~~~~~~~~~~~~~~~~~~~~~~~~~~~~~~~~~~~~~~~~~~~~~~~~~~~~~~~~~~~~~~~~~~~~~~~~~~~~~~~~~~~~
	No GPU-related information available for this job.
Setting up waveform generators...
Creating GravWaveAnalysis...
Initializing loglike class...
Scanning e0...
  Progress: 10/51
  Progress: 20/51
  Progress: 30/51
  Progress: 40/51
  Progress: 50/51
Job completed at Wed Nov 19 10:40:45 PM +08 2025
~~~~~~~~~~~~~~~~~~~~~~~~~~~~~~~~~~~~~~~~~~~~~~~~~~~~~~~~~~~~~~~~~~~~~~~~~~~~~~~~~~~~~~~~~~
			Resource Usage on 2025-11-19 22:40:46.008367:
~~~~~~~~~~~~~~~~~~~~~~~~~~~~~~~~~~~~~~~~~~~~~~~~~~~~~~~~~~~~~~~~~~~~~~~~~~~~~~~~~~~~~~~~~~
	JobId: 424200.stdct-mgmt-02
	Project: personal-e1498138
	Exit Status: 0
~~~~~~~~~~~~~~~~~~~~~~~~~~~~~~~~~~~~~~~~~~~~~~~~~~~~~~~~~~~~~~~~~~~~~~~~~~~~~~~~~~~~~~~~~~
	NCPUs: Requested(4), Used(4)
	CPU Time Used: 00:01:08
	Memory: Requested(32gb), Used(11786552kb)
	Vmem Used: 19250100kb
	Walltime: Requested(24:00:00), Used(00:01:37)
~~~~~~~~~~~~~~~~~~~~~~~~~~~~~~~~~~~~~~~~~~~~~~~~~~~~~~~~~~~~~~~~~~~~~~~~~~~~~~~~~~~~~~~~~~
	Execution Nodes Used: (GN-A40-006[1]:ncpus=4:ngpus=1:mem=33554432kb)
~~~~~~~~~~~~~~~~~~~~~~~~~~~~~~~~~~~~~~~~~~~~~~~~~~~~~~~~~~~~~~~~~~~~~~~~~~~~~~~~~~~~~~~~~~
	No GPU-related information available for this job.
Setting up waveform generators...
Creating GravWaveAnalysis...
Initializing loglike class...
Scanning a...
  Progress: 10/51
  Progress: 20/51
  Progress: 30/51
  Progress: 40/51
  Progress: 50/51
Job completed at Thu Nov 20 12:19:13 PM +08 2025
~~~~~~~~~~~~~~~~~~~~~~~~~~~~~~~~~~~~~~~~~~~~~~~~~~~~~~~~~~~~~~~~~~~~~~~~~~~~~~~~~~~~~~~~~~
			Resource Usage on 2025-11-20 12:19:14.656807:
~~~~~~~~~~~~~~~~~~~~~~~~~~~~~~~~~~~~~~~~~~~~~~~~~~~~~~~~~~~~~~~~~~~~~~~~~~~~~~~~~~~~~~~~~~
	JobId: 425476.stdct-mgmt-02
	Project: personal-e1498138
	Exit Status: 0
~~~~~~~~~~~~~~~~~~~~~~~~~~~~~~~~~~~~~~~~~~~~~~~~~~~~~~~~~~~~~~~~~~~~~~~~~~~~~~~~~~~~~~~~~~
	NCPUs: Requested(4), Used(4)
	CPU Time Used: 00:01:15
	Memory: Requested(32gb), Used(11850036kb)
	Vmem Used: 23032156kb
	Walltime: Requested(24:00:00), Used(00:02:11)
~~~~~~~~~~~~~~~~~~~~~~~~~~~~~~~~~~~~~~~~~~~~~~~~~~~~~~~~~~~~~~~~~~~~~~~~~~~~~~~~~~~~~~~~~~
	Execution Nodes Used: (GN-A40-006[0]:ncpus=4:ngpus=1:mem=33554432kb)
~~~~~~~~~~~~~~~~~~~~~~~~~~~~~~~~~~~~~~~~~~~~~~~~~~~~~~~~~~~~~~~~~~~~~~~~~~~~~~~~~~~~~~~~~~
	No GPU-related information available for this job.
Setting up waveform generators...
Creating GravWaveAnalysis...
Initializing loglike class...
Scanning e0...
  Progress: 10/51
  Progress: 20/51
  Progress: 30/51
  Progress: 40/51
  Progress: 50/51
Job completed at Thu Nov 20 12:21:43 PM +08 2025
~~~~~~~~~~~~~~~~~~~~~~~~~~~~~~~~~~~~~~~~~~~~~~~~~~~~~~~~~~~~~~~~~~~~~~~~~~~~~~~~~~~~~~~~~~
			Resource Usage on 2025-11-20 12:21:44.109216:
~~~~~~~~~~~~~~~~~~~~~~~~~~~~~~~~~~~~~~~~~~~~~~~~~~~~~~~~~~~~~~~~~~~~~~~~~~~~~~~~~~~~~~~~~~
	JobId: 425485.stdct-mgmt-02
	Project: personal-e1498138
	Exit Status: 0
~~~~~~~~~~~~~~~~~~~~~~~~~~~~~~~~~~~~~~~~~~~~~~~~~~~~~~~~~~~~~~~~~~~~~~~~~~~~~~~~~~~~~~~~~~
	NCPUs: Requested(4), Used(4)
	CPU Time Used: 00:01:13
	Memory: Requested(32gb), Used(11786860kb)
	Vmem Used: 23031136kb
	Walltime: Requested(24:00:00), Used(00:01:47)
~~~~~~~~~~~~~~~~~~~~~~~~~~~~~~~~~~~~~~~~~~~~~~~~~~~~~~~~~~~~~~~~~~~~~~~~~~~~~~~~~~~~~~~~~~
	Execution Nodes Used: (GN-A40-006[0]:ncpus=4:ngpus=1:mem=33554432kb)
~~~~~~~~~~~~~~~~~~~~~~~~~~~~~~~~~~~~~~~~~~~~~~~~~~~~~~~~~~~~~~~~~~~~~~~~~~~~~~~~~~~~~~~~~~
	No GPU-related information available for this job.
Setting up waveform generators...
Creating GravWaveAnalysis...
Initializing loglike class...
Scanning e0...
  Progress: 10/51
  Progress: 20/51
  Progress: 30/51
  Progress: 40/51
  Progress: 50/51
Job completed at Mon Dec  8 03:54:48 PM +08 2025
~~~~~~~~~~~~~~~~~~~~~~~~~~~~~~~~~~~~~~~~~~~~~~~~~~~~~~~~~~~~~~~~~~~~~~~~~~~~~~~~~~~~~~~~~~
			Resource Usage on 2025-12-08 15:54:48.907378:
~~~~~~~~~~~~~~~~~~~~~~~~~~~~~~~~~~~~~~~~~~~~~~~~~~~~~~~~~~~~~~~~~~~~~~~~~~~~~~~~~~~~~~~~~~
	JobId: 448417.stdct-mgmt-02
	Project: personal-e1498138
	Exit Status: 0
~~~~~~~~~~~~~~~~~~~~~~~~~~~~~~~~~~~~~~~~~~~~~~~~~~~~~~~~~~~~~~~~~~~~~~~~~~~~~~~~~~~~~~~~~~
	NCPUs: Requested(4), Used(4)
	CPU Time Used: 00:01:12
	Memory: Requested(32gb), Used(11789144kb)
	Vmem Used: 23032284kb
	Walltime: Requested(24:00:00), Used(00:01:51)
~~~~~~~~~~~~~~~~~~~~~~~~~~~~~~~~~~~~~~~~~~~~~~~~~~~~~~~~~~~~~~~~~~~~~~~~~~~~~~~~~~~~~~~~~~
	Execution Nodes Used: (GN-A40-006[0]:ncpus=4:ngpus=1:mem=33554432kb)
~~~~~~~~~~~~~~~~~~~~~~~~~~~~~~~~~~~~~~~~~~~~~~~~~~~~~~~~~~~~~~~~~~~~~~~~~~~~~~~~~~~~~~~~~~
	No GPU-related information available for this job.
Setting up waveform generators...
Creating GravWaveAnalysis...
Initializing loglike class...
Scanning logm1...
  Progress: 10/51
  Progress: 20/51
  Progress: 30/51
  Progress: 40/51
  Progress: 50/51
Job completed at Thu Feb 26 03:40:23 PM +08 2026
Setting up waveform generators...
Creating GravWaveAnalysis...
Initializing loglike class...
Scanning logm1...
  Progress: 10/51
  Progress: 20/51
  Progress: 30/51
  Progress: 40/51
  Progress: 50/51
Job completed at Thu Feb 26 03:48:00 PM +08 2026
Setting up waveform generators...
Creating GravWaveAnalysis...
Initializing loglike class...
Scanning logm2...
  Progress: 10/51
  Progress: 20/51
  Progress: 30/51
  Progress: 40/51
  Progress: 50/51
Job completed at Thu Feb 26 03:52:26 PM +08 2026
Setting up waveform generators...
Creating GravWaveAnalysis...
Initializing loglike class...
Scanning a...
  Progress: 10/51
  Progress: 20/51
  Progress: 30/51
  Progress: 40/51
  Progress: 50/51
Job completed at Thu Feb 26 03:59:51 PM +08 2026
Setting up waveform generators...
Creating GravWaveAnalysis...
Initializing loglike class...
Scanning p0...
  Progress: 10/51
  Progress: 20/51
  Progress: 30/51
  Progress: 40/51
  Progress: 50/51
Job completed at Thu Feb 26 04:06:15 PM +08 2026
Setting up waveform generators...
Creating GravWaveAnalysis...
Initializing loglike class...
Scanning e0...
  Progress: 10/51
  Progress: 20/51
  Progress: 30/51
  Progress: 40/51
  Progress: 50/51
Job completed at Thu Feb 26 04:09:08 PM +08 2026
Setting up waveform generators...
Creating GravWaveAnalysis...
Initializing loglike class...
Scanning e0...
  Progress: 10/51
  Progress: 20/51
  Progress: 30/51
  Progress: 40/51
  Progress: 50/51
Job completed at Thu Feb 26 04:12:16 PM +08 2026
Setting up waveform generators...
Creating GravWaveAnalysis...
Initializing loglike class...
Scanning logm1...
  Progress: 10/51
  Progress: 20/51
  Progress: 30/51
  Progress: 40/51
  Progress: 50/51
Job completed at Thu Feb 26 04:15:18 PM +08 2026
Setting up waveform generators...
Creating GravWaveAnalysis...
Initializing loglike class...
Scanning logm2...
  Progress: 10/51
  Progress: 20/51
  Progress: 30/51
  Progress: 40/51
  Progress: 50/51
Job completed at Fri Feb 27 12:52:05 PM +08 2026
Setting up waveform generators...
Creating GravWaveAnalysis...
Initializing loglike class...
Scanning logm2...
  Progress: 10/51
  Progress: 20/51
  Progress: 30/51
  Progress: 40/51
  Progress: 50/51
Job completed at Fri Feb 27 12:54:41 PM +08 2026
Setting up waveform generators...
Creating GravWaveAnalysis...
Initializing loglike class...
Scanning logm1...
  Progress: 10/51
  Progress: 20/51
  Progress: 30/51
  Progress: 40/51
  Progress: 50/51
Job completed at Fri Feb 27 12:59:19 PM +08 2026
Setting up waveform generators...
Creating GravWaveAnalysis...
Initializing loglike class...
Scanning logm1...
  Progress: 10/51
  Progress: 20/51
  Progress: 30/51
  Progress: 40/51
  Progress: 50/51
Job completed at Fri Feb 27 01:04:49 PM +08 2026
Setting up waveform generators...
Creating GravWaveAnalysis...
Initializing loglike class...
Scanning logm2...
  Progress: 10/51
  Progress: 20/51
  Progress: 30/51
  Progress: 40/51
  Progress: 50/51
Job completed at Fri Feb 27 01:09:53 PM +08 2026
Setting up waveform generators...
Creating GravWaveAnalysis...
Initializing loglike class...
Scanning logm2...
  Progress: 10/51
  Progress: 20/51
  Progress: 30/51
  Progress: 40/51
  Progress: 50/51
Job completed at Fri Feb 27 01:13:01 PM +08 2026
Setting up waveform generators...
Creating GravWaveAnalysis...
Initializing loglike class...
Scanning logm2...
  Progress: 10/51
  Progress: 20/51
  Progress: 30/51
  Progress: 40/51
  Progress: 50/51
Job completed at Fri Feb 27 01:17:58 PM +08 2026
Setting up waveform generators...
Creating GravWaveAnalysis...
Initializing loglike class...
Scanning a...
  Progress: 10/51
  Progress: 20/51
  Progress: 30/51
  Progress: 40/51
  Progress: 50/51
Job completed at Fri Feb 27 01:27:39 PM +08 2026
Setting up waveform generators...
Creating GravWaveAnalysis...
Initializing loglike class...
Scanning a...
  Progress: 10/51
  Progress: 20/51
  Progress: 30/51
  Progress: 40/51
  Progress: 50/51
Job completed at Fri Feb 27 01:34:22 PM +08 2026
Setting up waveform generators...
Creating GravWaveAnalysis...
Initializing loglike class...
Scanning a...
  Progress: 10/51
  Progress: 20/51
  Progress: 30/51
  Progress: 40/51
  Progress: 50/51
Job completed at Fri Feb 27 01:38:22 PM +08 2026
Setting up waveform generators...
Creating GravWaveAnalysis...
Initializing loglike class...
Scanning p0...
  Progress: 10/51
  Progress: 20/51
  Progress: 30/51
  Progress: 40/51
  Progress: 50/51
Job completed at Fri Feb 27 01:41:45 PM +08 2026
Setting up waveform generators...
Creating GravWaveAnalysis...
Initializing loglike class...
Scanning e0...
  Progress: 10/51
  Progress: 20/51
  Progress: 30/51
  Progress: 40/51
  Progress: 50/51
Job completed at Fri Feb 27 01:55:10 PM +08 2026
Setting up waveform generators...
Creating GravWaveAnalysis...
Initializing loglike class...
Scanning e0...
  Progress: 10/51
  Progress: 20/51
  Progress: 30/51
  Progress: 40/51
  Progress: 50/51
Job completed at Fri Feb 27 01:57:31 PM +08 2026
Setting up waveform generators...
Creating GravWaveAnalysis...
Initializing loglike class...
Scanning logm1...
  Progress: 10/51
  Progress: 20/51
  Progress: 30/51
  Progress: 40/51
  Progress: 50/51
Job completed at Fri Feb 27 05:20:39 PM +08 2026
Setting up waveform generators...
Creating GravWaveAnalysis...
Initializing loglike class...
Scanning logm2...
  Progress: 10/51
  Progress: 20/51
  Progress: 30/51
  Progress: 40/51
  Progress: 50/51
Job completed at Fri Feb 27 05:23:46 PM +08 2026
Setting up waveform generators...
Creating GravWaveAnalysis...
Initializing loglike class...
Scanning logm2...
  Progress: 10/51
  Progress: 20/51
  Progress: 30/51
  Progress: 40/51
  Progress: 50/51
Job completed at Fri Feb 27 05:26:17 PM +08 2026
Setting up waveform generators...
Creating GravWaveAnalysis...
Initializing loglike class...
Scanning a...
  Progress: 10/51
  Progress: 20/51
  Progress: 30/51
  Progress: 40/51
  Progress: 50/51
Job completed at Fri Feb 27 05:28:19 PM +08 2026
Setting up waveform generators...
Creating GravWaveAnalysis...
Initializing loglike class...
Scanning logm2...
  Progress: 10/51
  Progress: 20/51
  Progress: 30/51
  Progress: 40/51
  Progress: 50/51
Job completed at Fri Feb 27 05:30:39 PM +08 2026
Setting up waveform generators...
Creating GravWaveAnalysis...
Initializing loglike class...
Scanning p0...
  Progress: 10/51
  Progress: 20/51
  Progress: 30/51
  Progress: 40/51
  Progress: 50/51
Job completed at Fri Feb 27 05:32:42 PM +08 2026
Setting up waveform generators...
Creating GravWaveAnalysis...
Initializing loglike class...
Scanning p0...
  Progress: 10/51
  Progress: 20/51
  Progress: 30/51
  Progress: 40/51
  Progress: 50/51
Job completed at Fri Feb 27 05:35:21 PM +08 2026
Setting up waveform generators...
Creating GravWaveAnalysis...
Initializing loglike class...
Scanning e0...
  Progress: 10/51
  Progress: 20/51
  Progress: 30/51
  Progress: 40/51
  Progress: 50/51
Job completed at Fri Feb 27 05:37:49 PM +08 2026
Setting up waveform generators...
Creating GravWaveAnalysis...
Initializing loglike class...
Scanning logm1...
  Progress: 10/51
  Progress: 20/51
  Progress: 30/51
  Progress: 40/51
  Progress: 50/51
Job completed at Fri Mar  6 12:27:15 PM +08 2026
Setting up waveform generators...
Creating GravWaveAnalysis...
Initializing loglike class...
Scanning logm1...
  Progress: 10/51
  Progress: 20/51
  Progress: 30/51
  Progress: 40/51
  Progress: 50/51
Job completed at Fri Mar  6 12:31:41 PM +08 2026
Setting up waveform generators...
Creating GravWaveAnalysis...
Initializing loglike class...
Scanning logm2...
  Progress: 10/51
  Progress: 20/51
  Progress: 30/51
  Progress: 40/51
  Progress: 50/51
Job completed at Fri Mar  6 01:13:18 PM +08 2026
Setting up waveform generators...
Creating GravWaveAnalysis...
Initializing loglike class...
Scanning a...
  Progress: 10/51
  Progress: 20/51
  Progress: 30/51
  Progress: 40/51
  Progress: 50/51
Job completed at Fri Mar  6 01:16:49 PM +08 2026
Setting up waveform generators...
Creating GravWaveAnalysis...
Initializing loglike class...
Scanning p0...
  Progress: 10/51
  Progress: 20/51
  Progress: 30/51
  Progress: 40/51
  Progress: 50/51
Job completed at Fri Mar  6 01:19:20 PM +08 2026
Setting up waveform generators...
Creating GravWaveAnalysis...
Initializing loglike class...
Scanning e0...
  Progress: 10/51
  Progress: 20/51
  Progress: 30/51
  Progress: 40/51
  Progress: 50/51
Job completed at Fri Mar  6 01:21:53 PM +08 2026
