Building waveform generator...
Initializing loglike...
Evaluating 900 grid points...
Done.
Job completed at Thu Mar 12 02:00:40 PM +08 2026
Building waveform generator...
Initializing loglike...
Evaluating 900 grid points...
Done.
Saved: /nfs/home/svu/e1498138/localgit/FEWNEW/work/search/plots/heatmap_2d_3_4.png
Job completed at Thu Mar 12 03:02:18 PM +08 2026
Building waveform generator...
Initializing loglike...
Evaluating 900 grid points...
Grid cached: /nfs/home/svu/e1498138/localgit/FEWNEW/work/search/plots/heatmap_grid_3_4_30.pkl
Done.
Saved: /nfs/home/svu/e1498138/localgit/FEWNEW/work/search/plots/heatmap_2d_3_4.png
Saved: /nfs/home/svu/e1498138/localgit/FEWNEW/work/search/plots/heatmap_2d_3_4_nolines.png
Job completed at Thu Mar 12 03:18:21 PM +08 2026
Building waveform generator...
Initializing loglike...
Loading cached grid: /nfs/home/svu/e1498138/localgit/FEWNEW/work/search/plots/heatmap_grid_3_4_30.pkl
Done.
Saved: /nfs/home/svu/e1498138/localgit/FEWNEW/work/search/plots/heatmap_2d_3_4.png
Saved: /nfs/home/svu/e1498138/localgit/FEWNEW/work/search/plots/heatmap_2d_3_4_nolines.png
Job completed at Thu Mar 12 03:26:56 PM +08 2026
Building waveform generator...
Initializing loglike...
Evaluating 1089 grid points...
Grid cached: /nfs/home/svu/e1498138/localgit/FEWNEW/work/search/plots/heatmap_grid_3_4_30.pkl
Done.
Saved: /nfs/home/svu/e1498138/localgit/FEWNEW/work/search/plots/heatmap_2d_3_4.png
Saved: /nfs/home/svu/e1498138/localgit/FEWNEW/work/search/plots/heatmap_2d_3_4_nolines.png
Job completed at Thu Mar 12 03:36:58 PM +08 2026
Building waveform generator...
Initializing loglike...
Evaluating 1089 grid points...
Grid cached: /nfs/home/svu/e1498138/localgit/FEWNEW/work/search/plots/heatmap_grid_3_4_30_true.pkl
Done.
Saved: /nfs/home/svu/e1498138/localgit/FEWNEW/work/search/plots/heatmap_2d_3_4_true.png
Saved: /nfs/home/svu/e1498138/localgit/FEWNEW/work/search/plots/heatmap_2d_3_4_true_nolines.png
Building waveform generator...
Initializing loglike...
Evaluating 1089 grid points...
Grid cached: /nfs/home/svu/e1498138/localgit/FEWNEW/work/search/plots/heatmap_grid_3_4_30_sec1.pkl
Done.
Saved: /nfs/home/svu/e1498138/localgit/FEWNEW/work/search/plots/heatmap_2d_3_4_sec1.png
Saved: /nfs/home/svu/e1498138/localgit/FEWNEW/work/search/plots/heatmap_2d_3_4_sec1_nolines.png
Building waveform generator...
Initializing loglike...
Evaluating 1089 grid points...
Grid cached: /nfs/home/svu/e1498138/localgit/FEWNEW/work/search/plots/heatmap_grid_3_4_30_sec2.pkl
Done.
Saved: /nfs/home/svu/e1498138/localgit/FEWNEW/work/search/plots/heatmap_2d_3_4_sec2.png
Saved: /nfs/home/svu/e1498138/localgit/FEWNEW/work/search/plots/heatmap_2d_3_4_sec2_nolines.png
Job completed at Thu Mar 12 04:13:28 PM +08 2026
