Traceback (most recent call last):
  File "/nfs/home/svu/e1498138/localgit/FEWNEW/work/search/plot_heatmap_2d.py", line 183, in <module>
    plt.savefig(out_path, dpi=150)
  File "/scratch/e1498138/anaconda3/envs/fewsm/lib/python3.12/site-packages/matplotlib/pyplot.py", line 1251, in savefig
    res = fig.savefig(*args, **kwargs)  # type: ignore[func-returns-value]
          ^^^^^^^^^^^^^^^^^^^^^^^^^^^^
  File "/scratch/e1498138/anaconda3/envs/fewsm/lib/python3.12/site-packages/matplotlib/figure.py", line 3490, in savefig
    self.canvas.print_figure(fname, **kwargs)
  File "/scratch/e1498138/anaconda3/envs/fewsm/lib/python3.12/site-packages/matplotlib/backend_bases.py", line 2186, in print_figure
    result = print_method(
             ^^^^^^^^^^^^^
  File "/scratch/e1498138/anaconda3/envs/fewsm/lib/python3.12/site-packages/matplotlib/backend_bases.py", line 2042, in <lambda>
    print_method = functools.wraps(meth)(lambda *args, **kwargs: meth(
                                                                 ^^^^^
  File "/scratch/e1498138/anaconda3/envs/fewsm/lib/python3.12/site-packages/matplotlib/backends/backend_agg.py", line 481, in print_png
    self._print_pil(filename_or_obj, "png", pil_kwargs, metadata)
  File "/scratch/e1498138/anaconda3/envs/fewsm/lib/python3.12/site-packages/matplotlib/backends/backend_agg.py", line 430, in _print_pil
    mpl.image.imsave(
  File "/scratch/e1498138/anaconda3/envs/fewsm/lib/python3.12/site-packages/matplotlib/image.py", line 1657, in imsave
    image.save(fname, **pil_kwargs)
  File "/scratch/e1498138/anaconda3/envs/fewsm/lib/python3.12/site-packages/PIL/Image.py", line 2583, in save
    fp = builtins.open(filename, "w+b")
         ^^^^^^^^^^^^^^^^^^^^^^^^^^^^^^
FileNotFoundError: [Errno 2] No such file or directory: './plots/heatmap_2d_3_4.png'
