Setting up waveform generators...
Creating GravWaveAnalysis...
Initializing loglike class...
Scanning cosqS...
  Progress: 10/51
  Progress: 20/51
  Progress: 30/51
  Progress: 40/51
  Progress: 50/51
Job completed at Thu Feb 26 04:38:49 PM +08 2026
Setting up waveform generators...
Creating GravWaveAnalysis...
Initializing loglike class...
Scanning cosqS...
  Progress: 10/51
  Progress: 20/51
  Progress: 30/51
  Progress: 40/51
  Progress: 50/51
Job completed at Thu Feb 26 05:51:48 PM +08 2026
Setting up waveform generators...
Creating GravWaveAnalysis...
Initializing loglike class...
Scanning cosqS...
  Progress: 10/51
  Progress: 20/51
  Progress: 30/51
  Progress: 40/51
  Progress: 50/51
Job completed at Thu Feb 26 05:59:47 PM +08 2026
Setting up waveform generators...
Creating GravWaveAnalysis...
Initializing loglike class...
Scanning phiS...
  Progress: 10/51
  Progress: 20/51
  Progress: 30/51
  Progress: 40/51
  Progress: 50/51
Job completed at Thu Feb 26 10:42:50 PM +08 2026
Setting up waveform generators...
Creating GravWaveAnalysis...
Initializing loglike class...
Scanning phiS...
  Progress: 10/51
  Progress: 20/51
  Progress: 30/51
  Progress: 40/51
  Progress: 50/51
Job completed at Thu Feb 26 10:49:50 PM +08 2026
Setting up waveform generators...
Creating GravWaveAnalysis...
Initializing loglike class...
Scanning phiS...
  Progress: 10/51
  Progress: 20/51
  Progress: 30/51
  Progress: 40/51
  Progress: 50/51
Job completed at Thu Feb 26 10:54:49 PM +08 2026
Setting up waveform generators...
Creating GravWaveAnalysis...
Initializing loglike class...
Scanning logm1...
  Progress: 10/51
  Progress: 20/51
  Progress: 30/51
  Progress: 40/51
  Progress: 50/51
Job completed at Thu Feb 26 11:08:12 PM +08 2026
Setting up waveform generators...
Creating GravWaveAnalysis...
Initializing loglike class...
Scanning logm2...
  Progress: 10/51
  Progress: 20/51
  Progress: 30/51
  Progress: 40/51
  Progress: 50/51
Job completed at Thu Feb 26 11:12:59 PM +08 2026
Setting up waveform generators...
Creating GravWaveAnalysis...
Initializing loglike class...
Scanning logm2...
  Progress: 10/51
  Progress: 20/51
  Progress: 30/51
  Progress: 40/51
  Progress: 50/51
Job completed at Thu Feb 26 11:19:23 PM +08 2026
Setting up waveform generators...
Creating GravWaveAnalysis...
Initializing loglike class...
Scanning logm2...
  Progress: 10/51
  Progress: 20/51
  Progress: 30/51
  Progress: 40/51
  Progress: 50/51
Job completed at Fri Feb 27 10:51:22 AM +08 2026
Setting up waveform generators...
Creating GravWaveAnalysis...
Initializing loglike class...
Scanning logm2...
  Progress: 10/51
  Progress: 20/51
  Progress: 30/51
  Progress: 40/51
  Progress: 50/51
Job completed at Fri Feb 27 11:07:55 AM +08 2026
Setting up waveform generators...
Creating GravWaveAnalysis...
Initializing loglike class...
Scanning a...
  Progress: 10/51
  Progress: 20/51
  Progress: 30/51
  Progress: 40/51
  Progress: 50/51
Job completed at Fri Feb 27 11:27:07 AM +08 2026
Setting up waveform generators...
Creating GravWaveAnalysis...
Initializing loglike class...
Scanning p0...
  Progress: 10/51
  Progress: 20/51
  Progress: 30/51
  Progress: 40/51
  Progress: 50/51
Job completed at Fri Feb 27 11:32:23 AM +08 2026
Setting up waveform generators...
Creating GravWaveAnalysis...
Initializing loglike class...
Scanning e0...
  Progress: 10/51
  Progress: 20/51
  Progress: 30/51
  Progress: 40/51
  Progress: 50/51
Job completed at Fri Feb 27 11:36:00 AM +08 2026
Setting up waveform generators...
Creating GravWaveAnalysis...
Initializing loglike class...
Scanning e0...
  Progress: 10/51
  Progress: 20/51
  Progress: 30/51
  Progress: 40/51
  Progress: 50/51
Job completed at Fri Feb 27 11:40:38 AM +08 2026
Setting up waveform generators...
Creating GravWaveAnalysis...
Initializing loglike class...
Scanning e0...
  Progress: 10/51
  Progress: 20/51
  Progress: 30/51
  Progress: 40/51
  Progress: 50/51
Job completed at Fri Feb 27 11:43:53 AM +08 2026
Setting up waveform generators...
Creating GravWaveAnalysis...
Initializing loglike class...
Scanning logm1...
  Progress: 10/51
  Progress: 20/51
  Progress: 30/51
  Progress: 40/51
  Progress: 50/51
Job completed at Fri Feb 27 02:56:53 PM +08 2026
Setting up waveform generators...
Creating GravWaveAnalysis...
Initializing loglike class...
Scanning qS...
  Progress: 10/51
  Progress: 20/51
  Progress: 30/51
  Progress: 40/51
  Progress: 50/51
Job completed at Fri Feb 27 03:23:34 PM +08 2026
Setting up waveform generators...
Creating GravWaveAnalysis...
Initializing loglike class...
Scanning qS...
  Progress: 10/51
  Progress: 20/51
  Progress: 30/51
  Progress: 40/51
  Progress: 50/51
Job completed at Fri Feb 27 03:26:09 PM +08 2026
Setting up waveform generators...
Creating GravWaveAnalysis...
Initializing loglike class...
Scanning qS...
  Progress: 10/51
  Progress: 20/51
  Progress: 30/51
  Progress: 40/51
  Progress: 50/51
Job completed at Fri Feb 27 03:29:01 PM +08 2026
Setting up waveform generators...
Creating GravWaveAnalysis...
Initializing loglike class...
Scanning phiS...
  Progress: 10/51
  Progress: 20/51
  Progress: 30/51
  Progress: 40/51
  Progress: 50/51
Job completed at Fri Feb 27 03:31:59 PM +08 2026
Setting up waveform generators...
Creating GravWaveAnalysis...
Initializing loglike class...
Scanning phiS...
  Progress: 10/51
  Progress: 20/51
  Progress: 30/51
  Progress: 40/51
  Progress: 50/51
Job completed at Fri Feb 27 03:37:43 PM +08 2026
Setting up waveform generators...
Creating GravWaveAnalysis...
Initializing loglike class...
Scanning dist...
  Progress: 10/51
  Progress: 20/51
  Progress: 30/51
  Progress: 40/51
  Progress: 50/51
Job completed at Fri Feb 27 03:42:29 PM +08 2026
Setting up waveform generators...
Creating GravWaveAnalysis...
Initializing loglike class...
Scanning dist...
  Progress: 10/51
  Progress: 20/51
  Progress: 30/51
  Progress: 40/51
  Progress: 50/51
Job completed at Fri Feb 27 03:48:31 PM +08 2026
