~~~~~~~~~~~~~~~~~~~~~~~~~~~~~~~~~~~~~~~~~~~~~~~~~~~~~~~~~~~~~~~~~~~~~~~~~~~~~~~~~~~~~~~~~~
			Resource Usage on 2025-11-15 21:14:31.416043:
~~~~~~~~~~~~~~~~~~~~~~~~~~~~~~~~~~~~~~~~~~~~~~~~~~~~~~~~~~~~~~~~~~~~~~~~~~~~~~~~~~~~~~~~~~
	JobId: 411610.stdct-mgmt-02
	Project: personal-e1498138
	Exit Status: 271
~~~~~~~~~~~~~~~~~~~~~~~~~~~~~~~~~~~~~~~~~~~~~~~~~~~~~~~~~~~~~~~~~~~~~~~~~~~~~~~~~~~~~~~~~~
	NCPUs: Requested(4), Used(4)
	CPU Time Used: 00:00:30
	Memory: Requested(32gb), Used(1846620kb)
	Vmem Used: 7420064kb
	Walltime: Requested(24:00:00), Used(00:00:51)
~~~~~~~~~~~~~~~~~~~~~~~~~~~~~~~~~~~~~~~~~~~~~~~~~~~~~~~~~~~~~~~~~~~~~~~~~~~~~~~~~~~~~~~~~~
	Execution Nodes Used: (GN-A40-006[1]:ncpus=4:ngpus=1:mem=33554432kb)
~~~~~~~~~~~~~~~~~~~~~~~~~~~~~~~~~~~~~~~~~~~~~~~~~~~~~~~~~~~~~~~~~~~~~~~~~~~~~~~~~~~~~~~~~~
	No GPU-related information available for this job.
Setting up waveform generators...
Creating GravWaveAnalysis...
Initializing loglike class...
Scanning logm1...
  Progress: 10/50
  Progress: 20/50
  Progress: 30/50
  Progress: 40/50
  Progress: 50/50
Job completed at Sat Nov 15 09:19:23 PM +08 2025
~~~~~~~~~~~~~~~~~~~~~~~~~~~~~~~~~~~~~~~~~~~~~~~~~~~~~~~~~~~~~~~~~~~~~~~~~~~~~~~~~~~~~~~~~~
			Resource Usage on 2025-11-15 21:19:24.215598:
~~~~~~~~~~~~~~~~~~~~~~~~~~~~~~~~~~~~~~~~~~~~~~~~~~~~~~~~~~~~~~~~~~~~~~~~~~~~~~~~~~~~~~~~~~
	JobId: 411613.stdct-mgmt-02
	Project: personal-e1498138
	Exit Status: 0
~~~~~~~~~~~~~~~~~~~~~~~~~~~~~~~~~~~~~~~~~~~~~~~~~~~~~~~~~~~~~~~~~~~~~~~~~~~~~~~~~~~~~~~~~~
	NCPUs: Requested(4), Used(4)
	CPU Time Used: 00:01:07
	Memory: Requested(32gb), Used(11788420kb)
	Vmem Used: 19823520kb
	Walltime: Requested(24:00:00), Used(00:01:45)
~~~~~~~~~~~~~~~~~~~~~~~~~~~~~~~~~~~~~~~~~~~~~~~~~~~~~~~~~~~~~~~~~~~~~~~~~~~~~~~~~~~~~~~~~~
	Execution Nodes Used: (GN-A40-006[1]:ncpus=4:ngpus=1:mem=33554432kb)
~~~~~~~~~~~~~~~~~~~~~~~~~~~~~~~~~~~~~~~~~~~~~~~~~~~~~~~~~~~~~~~~~~~~~~~~~~~~~~~~~~~~~~~~~~
	No GPU-related information available for this job.
Setting up waveform generators...
Creating GravWaveAnalysis...
Initializing loglike class...
Scanning logm1...
  Progress: 10/50
  Progress: 20/50
  Progress: 30/50
  Progress: 40/50
  Progress: 50/50
Job completed at Sat Nov 15 09:23:05 PM +08 2025
~~~~~~~~~~~~~~~~~~~~~~~~~~~~~~~~~~~~~~~~~~~~~~~~~~~~~~~~~~~~~~~~~~~~~~~~~~~~~~~~~~~~~~~~~~
			Resource Usage on 2025-11-15 21:23:05.945836:
~~~~~~~~~~~~~~~~~~~~~~~~~~~~~~~~~~~~~~~~~~~~~~~~~~~~~~~~~~~~~~~~~~~~~~~~~~~~~~~~~~~~~~~~~~
	JobId: 411615.stdct-mgmt-02
	Project: personal-e1498138
	Exit Status: 0
~~~~~~~~~~~~~~~~~~~~~~~~~~~~~~~~~~~~~~~~~~~~~~~~~~~~~~~~~~~~~~~~~~~~~~~~~~~~~~~~~~~~~~~~~~
	NCPUs: Requested(4), Used(4)
	CPU Time Used: 00:01:07
	Memory: Requested(32gb), Used(11787224kb)
	Vmem Used: 23031112kb
	Walltime: Requested(24:00:00), Used(00:01:37)
~~~~~~~~~~~~~~~~~~~~~~~~~~~~~~~~~~~~~~~~~~~~~~~~~~~~~~~~~~~~~~~~~~~~~~~~~~~~~~~~~~~~~~~~~~
	Execution Nodes Used: (GN-A40-006[1]:ncpus=4:ngpus=1:mem=33554432kb)
~~~~~~~~~~~~~~~~~~~~~~~~~~~~~~~~~~~~~~~~~~~~~~~~~~~~~~~~~~~~~~~~~~~~~~~~~~~~~~~~~~~~~~~~~~
	No GPU-related information available for this job.
Setting up waveform generators...
Creating GravWaveAnalysis...
Initializing loglike class...
Scanning logm1...
  Progress: 10/50
  Progress: 20/50
  Progress: 30/50
  Progress: 40/50
  Progress: 50/50
Job completed at Sat Nov 15 09:25:38 PM +08 2025
~~~~~~~~~~~~~~~~~~~~~~~~~~~~~~~~~~~~~~~~~~~~~~~~~~~~~~~~~~~~~~~~~~~~~~~~~~~~~~~~~~~~~~~~~~
			Resource Usage on 2025-11-15 21:25:39.275915:
~~~~~~~~~~~~~~~~~~~~~~~~~~~~~~~~~~~~~~~~~~~~~~~~~~~~~~~~~~~~~~~~~~~~~~~~~~~~~~~~~~~~~~~~~~
	JobId: 411617.stdct-mgmt-02
	Project: personal-e1498138
	Exit Status: 0
~~~~~~~~~~~~~~~~~~~~~~~~~~~~~~~~~~~~~~~~~~~~~~~~~~~~~~~~~~~~~~~~~~~~~~~~~~~~~~~~~~~~~~~~~~
	NCPUs: Requested(4), Used(4)
	CPU Time Used: 00:01:07
	Memory: Requested(32gb), Used(11787304kb)
	Vmem Used: 19483580kb
	Walltime: Requested(24:00:00), Used(00:01:36)
~~~~~~~~~~~~~~~~~~~~~~~~~~~~~~~~~~~~~~~~~~~~~~~~~~~~~~~~~~~~~~~~~~~~~~~~~~~~~~~~~~~~~~~~~~
	Execution Nodes Used: (GN-A40-006[1]:ncpus=4:ngpus=1:mem=33554432kb)
~~~~~~~~~~~~~~~~~~~~~~~~~~~~~~~~~~~~~~~~~~~~~~~~~~~~~~~~~~~~~~~~~~~~~~~~~~~~~~~~~~~~~~~~~~
	No GPU-related information available for this job.
Setting up waveform generators...
Creating GravWaveAnalysis...
Initializing loglike class...
Scanning logm2...
  Progress: 10/50
  Progress: 20/50
  Progress: 30/50
  Progress: 40/50
  Progress: 50/50
Job completed at Sat Nov 15 09:29:48 PM +08 2025
~~~~~~~~~~~~~~~~~~~~~~~~~~~~~~~~~~~~~~~~~~~~~~~~~~~~~~~~~~~~~~~~~~~~~~~~~~~~~~~~~~~~~~~~~~
			Resource Usage on 2025-11-15 21:29:49.082186:
~~~~~~~~~~~~~~~~~~~~~~~~~~~~~~~~~~~~~~~~~~~~~~~~~~~~~~~~~~~~~~~~~~~~~~~~~~~~~~~~~~~~~~~~~~
	JobId: 411619.stdct-mgmt-02
	Project: personal-e1498138
	Exit Status: 0
~~~~~~~~~~~~~~~~~~~~~~~~~~~~~~~~~~~~~~~~~~~~~~~~~~~~~~~~~~~~~~~~~~~~~~~~~~~~~~~~~~~~~~~~~~
	NCPUs: Requested(4), Used(4)
	CPU Time Used: 00:01:06
	Memory: Requested(32gb), Used(11801712kb)
	Vmem Used: 23045108kb
	Walltime: Requested(24:00:00), Used(00:01:37)
~~~~~~~~~~~~~~~~~~~~~~~~~~~~~~~~~~~~~~~~~~~~~~~~~~~~~~~~~~~~~~~~~~~~~~~~~~~~~~~~~~~~~~~~~~
	Execution Nodes Used: (GN-A40-006[1]:ncpus=4:ngpus=1:mem=33554432kb)
~~~~~~~~~~~~~~~~~~~~~~~~~~~~~~~~~~~~~~~~~~~~~~~~~~~~~~~~~~~~~~~~~~~~~~~~~~~~~~~~~~~~~~~~~~
	No GPU-related information available for this job.
Setting up waveform generators...
Creating GravWaveAnalysis...
Initializing loglike class...
Scanning a...
  Progress: 10/50
  Progress: 20/50
  Progress: 30/50
  Progress: 40/50
  Progress: 50/50
Job completed at Sat Nov 15 09:34:42 PM +08 2025
~~~~~~~~~~~~~~~~~~~~~~~~~~~~~~~~~~~~~~~~~~~~~~~~~~~~~~~~~~~~~~~~~~~~~~~~~~~~~~~~~~~~~~~~~~
			Resource Usage on 2025-11-15 21:34:43.294378:
~~~~~~~~~~~~~~~~~~~~~~~~~~~~~~~~~~~~~~~~~~~~~~~~~~~~~~~~~~~~~~~~~~~~~~~~~~~~~~~~~~~~~~~~~~
	JobId: 411620.stdct-mgmt-02
	Project: personal-e1498138
	Exit Status: 0
~~~~~~~~~~~~~~~~~~~~~~~~~~~~~~~~~~~~~~~~~~~~~~~~~~~~~~~~~~~~~~~~~~~~~~~~~~~~~~~~~~~~~~~~~~
	NCPUs: Requested(4), Used(4)
	CPU Time Used: 00:01:07
	Memory: Requested(32gb), Used(11788000kb)
	Vmem Used: 23031120kb
	Walltime: Requested(24:00:00), Used(00:01:38)
~~~~~~~~~~~~~~~~~~~~~~~~~~~~~~~~~~~~~~~~~~~~~~~~~~~~~~~~~~~~~~~~~~~~~~~~~~~~~~~~~~~~~~~~~~
	Execution Nodes Used: (GN-A40-006[1]:ncpus=4:ngpus=1:mem=33554432kb)
~~~~~~~~~~~~~~~~~~~~~~~~~~~~~~~~~~~~~~~~~~~~~~~~~~~~~~~~~~~~~~~~~~~~~~~~~~~~~~~~~~~~~~~~~~
	No GPU-related information available for this job.
Setting up waveform generators...
Creating GravWaveAnalysis...
Initializing loglike class...
Scanning p0...
  Progress: 10/50
  Progress: 20/50
  Progress: 30/50
  Progress: 40/50
  Progress: 50/50
Job completed at Sat Nov 15 09:38:08 PM +08 2025
~~~~~~~~~~~~~~~~~~~~~~~~~~~~~~~~~~~~~~~~~~~~~~~~~~~~~~~~~~~~~~~~~~~~~~~~~~~~~~~~~~~~~~~~~~
			Resource Usage on 2025-11-15 21:38:09.070496:
~~~~~~~~~~~~~~~~~~~~~~~~~~~~~~~~~~~~~~~~~~~~~~~~~~~~~~~~~~~~~~~~~~~~~~~~~~~~~~~~~~~~~~~~~~
	JobId: 411621.stdct-mgmt-02
	Project: personal-e1498138
	Exit Status: 0
~~~~~~~~~~~~~~~~~~~~~~~~~~~~~~~~~~~~~~~~~~~~~~~~~~~~~~~~~~~~~~~~~~~~~~~~~~~~~~~~~~~~~~~~~~
	NCPUs: Requested(4), Used(4)
	CPU Time Used: 00:01:08
	Memory: Requested(32gb), Used(11787304kb)
	Vmem Used: 23032172kb
	Walltime: Requested(24:00:00), Used(00:01:40)
~~~~~~~~~~~~~~~~~~~~~~~~~~~~~~~~~~~~~~~~~~~~~~~~~~~~~~~~~~~~~~~~~~~~~~~~~~~~~~~~~~~~~~~~~~
	Execution Nodes Used: (GN-A40-006[1]:ncpus=4:ngpus=1:mem=33554432kb)
~~~~~~~~~~~~~~~~~~~~~~~~~~~~~~~~~~~~~~~~~~~~~~~~~~~~~~~~~~~~~~~~~~~~~~~~~~~~~~~~~~~~~~~~~~
	No GPU-related information available for this job.
Setting up waveform generators...
Creating GravWaveAnalysis...
Initializing loglike class...
Scanning e0...
  Progress: 10/50
  Progress: 20/50
  Progress: 30/50
  Progress: 40/50
  Progress: 50/50
Job completed at Sat Nov 15 09:41:51 PM +08 2025
~~~~~~~~~~~~~~~~~~~~~~~~~~~~~~~~~~~~~~~~~~~~~~~~~~~~~~~~~~~~~~~~~~~~~~~~~~~~~~~~~~~~~~~~~~
			Resource Usage on 2025-11-15 21:41:52.035160:
~~~~~~~~~~~~~~~~~~~~~~~~~~~~~~~~~~~~~~~~~~~~~~~~~~~~~~~~~~~~~~~~~~~~~~~~~~~~~~~~~~~~~~~~~~
	JobId: 411622.stdct-mgmt-02
	Project: personal-e1498138
	Exit Status: 0
~~~~~~~~~~~~~~~~~~~~~~~~~~~~~~~~~~~~~~~~~~~~~~~~~~~~~~~~~~~~~~~~~~~~~~~~~~~~~~~~~~~~~~~~~~
	NCPUs: Requested(4), Used(4)
	CPU Time Used: 00:01:08
	Memory: Requested(32gb), Used(11793216kb)
	Vmem Used: 23032108kb
	Walltime: Requested(24:00:00), Used(00:01:39)
~~~~~~~~~~~~~~~~~~~~~~~~~~~~~~~~~~~~~~~~~~~~~~~~~~~~~~~~~~~~~~~~~~~~~~~~~~~~~~~~~~~~~~~~~~
	Execution Nodes Used: (GN-A40-006[1]:ncpus=4:ngpus=1:mem=33554432kb)
~~~~~~~~~~~~~~~~~~~~~~~~~~~~~~~~~~~~~~~~~~~~~~~~~~~~~~~~~~~~~~~~~~~~~~~~~~~~~~~~~~~~~~~~~~
	No GPU-related information available for this job.
Setting up waveform generators...
Creating GravWaveAnalysis...
Initializing loglike class...
Scanning logm2...
  Progress: 10/50
  Progress: 20/50
  Progress: 30/50
  Progress: 40/50
  Progress: 50/50
Job completed at Sat Nov 15 10:49:34 PM +08 2025
~~~~~~~~~~~~~~~~~~~~~~~~~~~~~~~~~~~~~~~~~~~~~~~~~~~~~~~~~~~~~~~~~~~~~~~~~~~~~~~~~~~~~~~~~~
			Resource Usage on 2025-11-15 22:49:35.393206:
~~~~~~~~~~~~~~~~~~~~~~~~~~~~~~~~~~~~~~~~~~~~~~~~~~~~~~~~~~~~~~~~~~~~~~~~~~~~~~~~~~~~~~~~~~
	JobId: 411641.stdct-mgmt-02
	Project: personal-e1498138
	Exit Status: 0
~~~~~~~~~~~~~~~~~~~~~~~~~~~~~~~~~~~~~~~~~~~~~~~~~~~~~~~~~~~~~~~~~~~~~~~~~~~~~~~~~~~~~~~~~~
	NCPUs: Requested(4), Used(4)
	CPU Time Used: 00:01:08
	Memory: Requested(32gb), Used(11787924kb)
	Vmem Used: 23032216kb
	Walltime: Requested(24:00:00), Used(00:01:44)
~~~~~~~~~~~~~~~~~~~~~~~~~~~~~~~~~~~~~~~~~~~~~~~~~~~~~~~~~~~~~~~~~~~~~~~~~~~~~~~~~~~~~~~~~~
	Execution Nodes Used: (GN-A40-006[1]:ncpus=4:ngpus=1:mem=33554432kb)
~~~~~~~~~~~~~~~~~~~~~~~~~~~~~~~~~~~~~~~~~~~~~~~~~~~~~~~~~~~~~~~~~~~~~~~~~~~~~~~~~~~~~~~~~~
	No GPU-related information available for this job.
Setting up waveform generators...
Creating GravWaveAnalysis...
Initializing loglike class...
Scanning logm2...
  Progress: 10/50
  Progress: 20/50
  Progress: 30/50
  Progress: 40/50
  Progress: 50/50
Job completed at Sat Nov 15 10:52:32 PM +08 2025
~~~~~~~~~~~~~~~~~~~~~~~~~~~~~~~~~~~~~~~~~~~~~~~~~~~~~~~~~~~~~~~~~~~~~~~~~~~~~~~~~~~~~~~~~~
			Resource Usage on 2025-11-15 22:52:32.999376:
~~~~~~~~~~~~~~~~~~~~~~~~~~~~~~~~~~~~~~~~~~~~~~~~~~~~~~~~~~~~~~~~~~~~~~~~~~~~~~~~~~~~~~~~~~
	JobId: 411644.stdct-mgmt-02
	Project: personal-e1498138
	Exit Status: 0
~~~~~~~~~~~~~~~~~~~~~~~~~~~~~~~~~~~~~~~~~~~~~~~~~~~~~~~~~~~~~~~~~~~~~~~~~~~~~~~~~~~~~~~~~~
	NCPUs: Requested(4), Used(4)
	CPU Time Used: 00:01:10
	Memory: Requested(32gb), Used(11789004kb)
	Vmem Used: 19251260kb
	Walltime: Requested(24:00:00), Used(00:01:41)
~~~~~~~~~~~~~~~~~~~~~~~~~~~~~~~~~~~~~~~~~~~~~~~~~~~~~~~~~~~~~~~~~~~~~~~~~~~~~~~~~~~~~~~~~~
	Execution Nodes Used: (GN-A40-006[1]:ncpus=4:ngpus=1:mem=33554432kb)
~~~~~~~~~~~~~~~~~~~~~~~~~~~~~~~~~~~~~~~~~~~~~~~~~~~~~~~~~~~~~~~~~~~~~~~~~~~~~~~~~~~~~~~~~~
	No GPU-related information available for this job.
Setting up waveform generators...
Creating GravWaveAnalysis...
Initializing loglike class...
Scanning logm2...
  Progress: 10/50
  Progress: 20/50
  Progress: 30/50
  Progress: 40/50
  Progress: 50/50
Job completed at Sat Nov 15 10:55:42 PM +08 2025
~~~~~~~~~~~~~~~~~~~~~~~~~~~~~~~~~~~~~~~~~~~~~~~~~~~~~~~~~~~~~~~~~~~~~~~~~~~~~~~~~~~~~~~~~~
			Resource Usage on 2025-11-15 22:55:43.747510:
~~~~~~~~~~~~~~~~~~~~~~~~~~~~~~~~~~~~~~~~~~~~~~~~~~~~~~~~~~~~~~~~~~~~~~~~~~~~~~~~~~~~~~~~~~
	JobId: 411647.stdct-mgmt-02
	Project: personal-e1498138
	Exit Status: 0
~~~~~~~~~~~~~~~~~~~~~~~~~~~~~~~~~~~~~~~~~~~~~~~~~~~~~~~~~~~~~~~~~~~~~~~~~~~~~~~~~~~~~~~~~~
	NCPUs: Requested(4), Used(4)
	CPU Time Used: 00:01:07
	Memory: Requested(32gb), Used(11787344kb)
	Vmem Used: 23031120kb
	Walltime: Requested(24:00:00), Used(00:01:36)
~~~~~~~~~~~~~~~~~~~~~~~~~~~~~~~~~~~~~~~~~~~~~~~~~~~~~~~~~~~~~~~~~~~~~~~~~~~~~~~~~~~~~~~~~~
	Execution Nodes Used: (GN-A40-006[1]:ncpus=4:ngpus=1:mem=33554432kb)
~~~~~~~~~~~~~~~~~~~~~~~~~~~~~~~~~~~~~~~~~~~~~~~~~~~~~~~~~~~~~~~~~~~~~~~~~~~~~~~~~~~~~~~~~~
	No GPU-related information available for this job.
Setting up waveform generators...
Creating GravWaveAnalysis...
Initializing loglike class...
Scanning logm2...
  Progress: 10/50
  Progress: 20/50
  Progress: 30/50
  Progress: 40/50
  Progress: 50/50
Job completed at Sat Nov 15 11:04:20 PM +08 2025
~~~~~~~~~~~~~~~~~~~~~~~~~~~~~~~~~~~~~~~~~~~~~~~~~~~~~~~~~~~~~~~~~~~~~~~~~~~~~~~~~~~~~~~~~~
			Resource Usage on 2025-11-15 23:04:21.558760:
~~~~~~~~~~~~~~~~~~~~~~~~~~~~~~~~~~~~~~~~~~~~~~~~~~~~~~~~~~~~~~~~~~~~~~~~~~~~~~~~~~~~~~~~~~
	JobId: 411652.stdct-mgmt-02
	Project: personal-e1498138
	Exit Status: 0
~~~~~~~~~~~~~~~~~~~~~~~~~~~~~~~~~~~~~~~~~~~~~~~~~~~~~~~~~~~~~~~~~~~~~~~~~~~~~~~~~~~~~~~~~~
	NCPUs: Requested(4), Used(4)
	CPU Time Used: 00:00:56
	Memory: Requested(32gb), Used(11794416kb)
	Vmem Used: 23031124kb
	Walltime: Requested(24:00:00), Used(00:01:27)
~~~~~~~~~~~~~~~~~~~~~~~~~~~~~~~~~~~~~~~~~~~~~~~~~~~~~~~~~~~~~~~~~~~~~~~~~~~~~~~~~~~~~~~~~~
	Execution Nodes Used: (GN-A40-008[1]:ncpus=4:ngpus=1:mem=33554432kb)
~~~~~~~~~~~~~~~~~~~~~~~~~~~~~~~~~~~~~~~~~~~~~~~~~~~~~~~~~~~~~~~~~~~~~~~~~~~~~~~~~~~~~~~~~~
	No GPU-related information available for this job.
Setting up waveform generators...
Creating GravWaveAnalysis...
Initializing loglike class...
Scanning logm2...
  Progress: 10/50
  Progress: 20/50
  Progress: 30/50
  Progress: 40/50
  Progress: 50/50
Job completed at Sat Nov 15 11:06:06 PM +08 2025
~~~~~~~~~~~~~~~~~~~~~~~~~~~~~~~~~~~~~~~~~~~~~~~~~~~~~~~~~~~~~~~~~~~~~~~~~~~~~~~~~~~~~~~~~~
			Resource Usage on 2025-11-15 23:06:07.474368:
~~~~~~~~~~~~~~~~~~~~~~~~~~~~~~~~~~~~~~~~~~~~~~~~~~~~~~~~~~~~~~~~~~~~~~~~~~~~~~~~~~~~~~~~~~
	JobId: 411655.stdct-mgmt-02
	Project: personal-e1498138
	Exit Status: 0
~~~~~~~~~~~~~~~~~~~~~~~~~~~~~~~~~~~~~~~~~~~~~~~~~~~~~~~~~~~~~~~~~~~~~~~~~~~~~~~~~~~~~~~~~~
	NCPUs: Requested(4), Used(4)
	CPU Time Used: 00:01:00
	Memory: Requested(32gb), Used(11791436kb)
	Vmem Used: 23031152kb
	Walltime: Requested(24:00:00), Used(00:01:21)
~~~~~~~~~~~~~~~~~~~~~~~~~~~~~~~~~~~~~~~~~~~~~~~~~~~~~~~~~~~~~~~~~~~~~~~~~~~~~~~~~~~~~~~~~~
	Execution Nodes Used: (GN-A40-008[0]:ncpus=4:ngpus=1:mem=33554432kb)
~~~~~~~~~~~~~~~~~~~~~~~~~~~~~~~~~~~~~~~~~~~~~~~~~~~~~~~~~~~~~~~~~~~~~~~~~~~~~~~~~~~~~~~~~~
	No GPU-related information available for this job.
Setting up waveform generators...
Creating GravWaveAnalysis...
Initializing loglike class...
Scanning logm2...
  Progress: 10/50
  Progress: 20/50
  Progress: 30/50
  Progress: 40/50
  Progress: 50/50
Job completed at Sat Nov 15 11:08:00 PM +08 2025
~~~~~~~~~~~~~~~~~~~~~~~~~~~~~~~~~~~~~~~~~~~~~~~~~~~~~~~~~~~~~~~~~~~~~~~~~~~~~~~~~~~~~~~~~~
			Resource Usage on 2025-11-15 23:08:01.379606:
~~~~~~~~~~~~~~~~~~~~~~~~~~~~~~~~~~~~~~~~~~~~~~~~~~~~~~~~~~~~~~~~~~~~~~~~~~~~~~~~~~~~~~~~~~
	JobId: 411656.stdct-mgmt-02
	Project: personal-e1498138
	Exit Status: 0
~~~~~~~~~~~~~~~~~~~~~~~~~~~~~~~~~~~~~~~~~~~~~~~~~~~~~~~~~~~~~~~~~~~~~~~~~~~~~~~~~~~~~~~~~~
	NCPUs: Requested(4), Used(4)
	CPU Time Used: 00:00:59
	Memory: Requested(32gb), Used(11786720kb)
	Vmem Used: 23031120kb
	Walltime: Requested(24:00:00), Used(00:01:21)
~~~~~~~~~~~~~~~~~~~~~~~~~~~~~~~~~~~~~~~~~~~~~~~~~~~~~~~~~~~~~~~~~~~~~~~~~~~~~~~~~~~~~~~~~~
	Execution Nodes Used: (GN-A40-008[0]:ncpus=4:ngpus=1:mem=33554432kb)
~~~~~~~~~~~~~~~~~~~~~~~~~~~~~~~~~~~~~~~~~~~~~~~~~~~~~~~~~~~~~~~~~~~~~~~~~~~~~~~~~~~~~~~~~~
	No GPU-related information available for this job.
Setting up waveform generators...
Creating GravWaveAnalysis...
Initializing loglike class...
Scanning a...
  Progress: 10/50
  Progress: 20/50
  Progress: 30/50
  Progress: 40/50
  Progress: 50/50
Job completed at Sat Nov 15 11:15:39 PM +08 2025
~~~~~~~~~~~~~~~~~~~~~~~~~~~~~~~~~~~~~~~~~~~~~~~~~~~~~~~~~~~~~~~~~~~~~~~~~~~~~~~~~~~~~~~~~~
			Resource Usage on 2025-11-15 23:15:40.109277:
~~~~~~~~~~~~~~~~~~~~~~~~~~~~~~~~~~~~~~~~~~~~~~~~~~~~~~~~~~~~~~~~~~~~~~~~~~~~~~~~~~~~~~~~~~
	JobId: 411658.stdct-mgmt-02
	Project: personal-e1498138
	Exit Status: 0
~~~~~~~~~~~~~~~~~~~~~~~~~~~~~~~~~~~~~~~~~~~~~~~~~~~~~~~~~~~~~~~~~~~~~~~~~~~~~~~~~~~~~~~~~~
	NCPUs: Requested(4), Used(4)
	CPU Time Used: 00:00:56
	Memory: Requested(32gb), Used(11790388kb)
	Vmem Used: 19861112kb
	Walltime: Requested(24:00:00), Used(00:01:18)
~~~~~~~~~~~~~~~~~~~~~~~~~~~~~~~~~~~~~~~~~~~~~~~~~~~~~~~~~~~~~~~~~~~~~~~~~~~~~~~~~~~~~~~~~~
	Execution Nodes Used: (GN-A40-008[1]:ncpus=4:ngpus=1:mem=33554432kb)
~~~~~~~~~~~~~~~~~~~~~~~~~~~~~~~~~~~~~~~~~~~~~~~~~~~~~~~~~~~~~~~~~~~~~~~~~~~~~~~~~~~~~~~~~~
	No GPU-related information available for this job.
Setting up waveform generators...
Creating GravWaveAnalysis...
Initializing loglike class...
Scanning logm2...
  Progress: 10/50
  Progress: 20/50
  Progress: 30/50
  Progress: 40/50
  Progress: 50/50
Job completed at Sat Nov 15 11:17:42 PM +08 2025
~~~~~~~~~~~~~~~~~~~~~~~~~~~~~~~~~~~~~~~~~~~~~~~~~~~~~~~~~~~~~~~~~~~~~~~~~~~~~~~~~~~~~~~~~~
			Resource Usage on 2025-11-15 23:17:43.083504:
~~~~~~~~~~~~~~~~~~~~~~~~~~~~~~~~~~~~~~~~~~~~~~~~~~~~~~~~~~~~~~~~~~~~~~~~~~~~~~~~~~~~~~~~~~
	JobId: 411659.stdct-mgmt-02
	Project: personal-e1498138
	Exit Status: 0
~~~~~~~~~~~~~~~~~~~~~~~~~~~~~~~~~~~~~~~~~~~~~~~~~~~~~~~~~~~~~~~~~~~~~~~~~~~~~~~~~~~~~~~~~~
	NCPUs: Requested(4), Used(4)
	CPU Time Used: 00:00:59
	Memory: Requested(32gb), Used(11789168kb)
	Vmem Used: 23031148kb
	Walltime: Requested(24:00:00), Used(00:01:20)
~~~~~~~~~~~~~~~~~~~~~~~~~~~~~~~~~~~~~~~~~~~~~~~~~~~~~~~~~~~~~~~~~~~~~~~~~~~~~~~~~~~~~~~~~~
	Execution Nodes Used: (GN-A40-008[0]:ncpus=4:ngpus=1:mem=33554432kb)
~~~~~~~~~~~~~~~~~~~~~~~~~~~~~~~~~~~~~~~~~~~~~~~~~~~~~~~~~~~~~~~~~~~~~~~~~~~~~~~~~~~~~~~~~~
	No GPU-related information available for this job.
Setting up waveform generators...
Creating GravWaveAnalysis...
Initializing loglike class...
Scanning e0...
  Progress: 10/50
  Progress: 20/50
  Progress: 30/50
  Progress: 40/50
  Progress: 50/50
Job completed at Sat Nov 15 11:21:11 PM +08 2025
~~~~~~~~~~~~~~~~~~~~~~~~~~~~~~~~~~~~~~~~~~~~~~~~~~~~~~~~~~~~~~~~~~~~~~~~~~~~~~~~~~~~~~~~~~
			Resource Usage on 2025-11-15 23:21:12.332244:
~~~~~~~~~~~~~~~~~~~~~~~~~~~~~~~~~~~~~~~~~~~~~~~~~~~~~~~~~~~~~~~~~~~~~~~~~~~~~~~~~~~~~~~~~~
	JobId: 411660.stdct-mgmt-02
	Project: personal-e1498138
	Exit Status: 0
~~~~~~~~~~~~~~~~~~~~~~~~~~~~~~~~~~~~~~~~~~~~~~~~~~~~~~~~~~~~~~~~~~~~~~~~~~~~~~~~~~~~~~~~~~
	NCPUs: Requested(4), Used(4)
	CPU Time Used: 00:00:59
	Memory: Requested(32gb), Used(11787824kb)
	Vmem Used: 19822504kb
	Walltime: Requested(24:00:00), Used(00:01:20)
~~~~~~~~~~~~~~~~~~~~~~~~~~~~~~~~~~~~~~~~~~~~~~~~~~~~~~~~~~~~~~~~~~~~~~~~~~~~~~~~~~~~~~~~~~
	Execution Nodes Used: (GN-A40-008[0]:ncpus=4:ngpus=1:mem=33554432kb)
~~~~~~~~~~~~~~~~~~~~~~~~~~~~~~~~~~~~~~~~~~~~~~~~~~~~~~~~~~~~~~~~~~~~~~~~~~~~~~~~~~~~~~~~~~
	No GPU-related information available for this job.
Setting up waveform generators...
Creating GravWaveAnalysis...
Initializing loglike class...
Scanning e0...
  Progress: 10/50
  Progress: 20/50
  Progress: 30/50
  Progress: 40/50
  Progress: 50/50
Job completed at Sat Nov 15 11:22:47 PM +08 2025
~~~~~~~~~~~~~~~~~~~~~~~~~~~~~~~~~~~~~~~~~~~~~~~~~~~~~~~~~~~~~~~~~~~~~~~~~~~~~~~~~~~~~~~~~~
			Resource Usage on 2025-11-15 23:22:48.474957:
~~~~~~~~~~~~~~~~~~~~~~~~~~~~~~~~~~~~~~~~~~~~~~~~~~~~~~~~~~~~~~~~~~~~~~~~~~~~~~~~~~~~~~~~~~
	JobId: 411661.stdct-mgmt-02
	Project: personal-e1498138
	Exit Status: 0
~~~~~~~~~~~~~~~~~~~~~~~~~~~~~~~~~~~~~~~~~~~~~~~~~~~~~~~~~~~~~~~~~~~~~~~~~~~~~~~~~~~~~~~~~~
	NCPUs: Requested(4), Used(4)
	CPU Time Used: 00:00:59
	Memory: Requested(32gb), Used(11789400kb)
	Vmem Used: 23032148kb
	Walltime: Requested(24:00:00), Used(00:01:19)
~~~~~~~~~~~~~~~~~~~~~~~~~~~~~~~~~~~~~~~~~~~~~~~~~~~~~~~~~~~~~~~~~~~~~~~~~~~~~~~~~~~~~~~~~~
	Execution Nodes Used: (GN-A40-008[0]:ncpus=4:ngpus=1:mem=33554432kb)
~~~~~~~~~~~~~~~~~~~~~~~~~~~~~~~~~~~~~~~~~~~~~~~~~~~~~~~~~~~~~~~~~~~~~~~~~~~~~~~~~~~~~~~~~~
	No GPU-related information available for this job.
Setting up waveform generators...
Creating GravWaveAnalysis...
Initializing loglike class...
Scanning e0...
  Progress: 10/50
  Progress: 20/50
  Progress: 30/50
  Progress: 40/50
  Progress: 50/50
Job completed at Wed Nov 19 10:38:09 AM +08 2025
~~~~~~~~~~~~~~~~~~~~~~~~~~~~~~~~~~~~~~~~~~~~~~~~~~~~~~~~~~~~~~~~~~~~~~~~~~~~~~~~~~~~~~~~~~
			Resource Usage on 2025-11-19 10:38:10.565318:
~~~~~~~~~~~~~~~~~~~~~~~~~~~~~~~~~~~~~~~~~~~~~~~~~~~~~~~~~~~~~~~~~~~~~~~~~~~~~~~~~~~~~~~~~~
	JobId: 422505.stdct-mgmt-02
	Project: personal-e1498138
	Exit Status: 0
~~~~~~~~~~~~~~~~~~~~~~~~~~~~~~~~~~~~~~~~~~~~~~~~~~~~~~~~~~~~~~~~~~~~~~~~~~~~~~~~~~~~~~~~~~
	NCPUs: Requested(4), Used(4)
	CPU Time Used: 00:00:55
	Memory: Requested(32gb), Used(11787500kb)
	Vmem Used: 23031148kb
	Walltime: Requested(24:00:00), Used(00:01:22)
~~~~~~~~~~~~~~~~~~~~~~~~~~~~~~~~~~~~~~~~~~~~~~~~~~~~~~~~~~~~~~~~~~~~~~~~~~~~~~~~~~~~~~~~~~
	Execution Nodes Used: (GN-A40-007[1]:ncpus=4:ngpus=1:mem=33554432kb)
~~~~~~~~~~~~~~~~~~~~~~~~~~~~~~~~~~~~~~~~~~~~~~~~~~~~~~~~~~~~~~~~~~~~~~~~~~~~~~~~~~~~~~~~~~
	No GPU-related information available for this job.
Setting up waveform generators...
Creating GravWaveAnalysis...
Initializing loglike class...
Scanning e0...
  Progress: 10/50
  Progress: 20/50
  Progress: 30/50
  Progress: 40/50
  Progress: 50/50
Job completed at Wed Nov 19 05:07:07 PM +08 2025
~~~~~~~~~~~~~~~~~~~~~~~~~~~~~~~~~~~~~~~~~~~~~~~~~~~~~~~~~~~~~~~~~~~~~~~~~~~~~~~~~~~~~~~~~~
			Resource Usage on 2025-11-19 17:07:07.918061:
~~~~~~~~~~~~~~~~~~~~~~~~~~~~~~~~~~~~~~~~~~~~~~~~~~~~~~~~~~~~~~~~~~~~~~~~~~~~~~~~~~~~~~~~~~
	JobId: 423369.stdct-mgmt-02
	Project: personal-e1498138
	Exit Status: 0
~~~~~~~~~~~~~~~~~~~~~~~~~~~~~~~~~~~~~~~~~~~~~~~~~~~~~~~~~~~~~~~~~~~~~~~~~~~~~~~~~~~~~~~~~~
	NCPUs: Requested(4), Used(4)
	CPU Time Used: 00:01:07
	Memory: Requested(32gb), Used(11790600kb)
	Vmem Used: 23031136kb
	Walltime: Requested(24:00:00), Used(00:01:44)
~~~~~~~~~~~~~~~~~~~~~~~~~~~~~~~~~~~~~~~~~~~~~~~~~~~~~~~~~~~~~~~~~~~~~~~~~~~~~~~~~~~~~~~~~~
	Execution Nodes Used: (GN-A40-002[1]:ncpus=4:ngpus=1:mem=33554432kb)
~~~~~~~~~~~~~~~~~~~~~~~~~~~~~~~~~~~~~~~~~~~~~~~~~~~~~~~~~~~~~~~~~~~~~~~~~~~~~~~~~~~~~~~~~~
	No GPU-related information available for this job.
Setting up waveform generators...
Creating GravWaveAnalysis...
Initializing loglike class...
Scanning e0...
  Progress: 10/50
  Progress: 20/50
  Progress: 30/50
  Progress: 40/50
  Progress: 50/50
Job completed at Wed Nov 19 05:17:09 PM +08 2025
~~~~~~~~~~~~~~~~~~~~~~~~~~~~~~~~~~~~~~~~~~~~~~~~~~~~~~~~~~~~~~~~~~~~~~~~~~~~~~~~~~~~~~~~~~
			Resource Usage on 2025-11-19 17:17:10.486331:
~~~~~~~~~~~~~~~~~~~~~~~~~~~~~~~~~~~~~~~~~~~~~~~~~~~~~~~~~~~~~~~~~~~~~~~~~~~~~~~~~~~~~~~~~~
	JobId: 423392.stdct-mgmt-02
	Project: personal-e1498138
	Exit Status: 0
~~~~~~~~~~~~~~~~~~~~~~~~~~~~~~~~~~~~~~~~~~~~~~~~~~~~~~~~~~~~~~~~~~~~~~~~~~~~~~~~~~~~~~~~~~
	NCPUs: Requested(4), Used(4)
	CPU Time Used: 00:00:58
	Memory: Requested(32gb), Used(11787160kb)
	Vmem Used: 19251208kb
	Walltime: Requested(24:00:00), Used(00:01:21)
~~~~~~~~~~~~~~~~~~~~~~~~~~~~~~~~~~~~~~~~~~~~~~~~~~~~~~~~~~~~~~~~~~~~~~~~~~~~~~~~~~~~~~~~~~
	Execution Nodes Used: (GN-A40-007[0]:ncpus=4:ngpus=1:mem=33554432kb)
~~~~~~~~~~~~~~~~~~~~~~~~~~~~~~~~~~~~~~~~~~~~~~~~~~~~~~~~~~~~~~~~~~~~~~~~~~~~~~~~~~~~~~~~~~
	No GPU-related information available for this job.
Setting up waveform generators...
Creating GravWaveAnalysis...
Initializing loglike class...
Generating data...
Job completed at Mon Dec  8 03:12:40 PM +08 2025
~~~~~~~~~~~~~~~~~~~~~~~~~~~~~~~~~~~~~~~~~~~~~~~~~~~~~~~~~~~~~~~~~~~~~~~~~~~~~~~~~~~~~~~~~~
			Resource Usage on 2025-12-08 15:12:41.652871:
~~~~~~~~~~~~~~~~~~~~~~~~~~~~~~~~~~~~~~~~~~~~~~~~~~~~~~~~~~~~~~~~~~~~~~~~~~~~~~~~~~~~~~~~~~
	JobId: 448398.stdct-mgmt-02
	Project: personal-e1498138
	Exit Status: 0
~~~~~~~~~~~~~~~~~~~~~~~~~~~~~~~~~~~~~~~~~~~~~~~~~~~~~~~~~~~~~~~~~~~~~~~~~~~~~~~~~~~~~~~~~~
	NCPUs: Requested(4), Used(4)
	CPU Time Used: 00:01:03
	Memory: Requested(32gb), Used(11845876kb)
	Vmem Used: 19771852kb
	Walltime: Requested(24:00:00), Used(00:01:48)
~~~~~~~~~~~~~~~~~~~~~~~~~~~~~~~~~~~~~~~~~~~~~~~~~~~~~~~~~~~~~~~~~~~~~~~~~~~~~~~~~~~~~~~~~~
	Execution Nodes Used: (GN-A40-006[1]:ncpus=4:ngpus=1:mem=33554432kb)
~~~~~~~~~~~~~~~~~~~~~~~~~~~~~~~~~~~~~~~~~~~~~~~~~~~~~~~~~~~~~~~~~~~~~~~~~~~~~~~~~~~~~~~~~~
	No GPU-related information available for this job.
Setting up waveform generators...
Creating GravWaveAnalysis...
Initializing loglike class...
Generating data...
Job completed at Mon Dec  8 03:21:16 PM +08 2025
~~~~~~~~~~~~~~~~~~~~~~~~~~~~~~~~~~~~~~~~~~~~~~~~~~~~~~~~~~~~~~~~~~~~~~~~~~~~~~~~~~~~~~~~~~
			Resource Usage on 2025-12-08 15:21:17.139275:
~~~~~~~~~~~~~~~~~~~~~~~~~~~~~~~~~~~~~~~~~~~~~~~~~~~~~~~~~~~~~~~~~~~~~~~~~~~~~~~~~~~~~~~~~~
	JobId: 448402.stdct-mgmt-02
	Project: personal-e1498138
	Exit Status: 0
~~~~~~~~~~~~~~~~~~~~~~~~~~~~~~~~~~~~~~~~~~~~~~~~~~~~~~~~~~~~~~~~~~~~~~~~~~~~~~~~~~~~~~~~~~
	NCPUs: Requested(4), Used(4)
	CPU Time Used: 00:01:02
	Memory: Requested(32gb), Used(11787068kb)
	Vmem Used: 37316976kb
	Walltime: Requested(24:00:00), Used(00:01:28)
~~~~~~~~~~~~~~~~~~~~~~~~~~~~~~~~~~~~~~~~~~~~~~~~~~~~~~~~~~~~~~~~~~~~~~~~~~~~~~~~~~~~~~~~~~
	Execution Nodes Used: (GN-A40-006[1]:ncpus=4:ngpus=1:mem=33554432kb)
~~~~~~~~~~~~~~~~~~~~~~~~~~~~~~~~~~~~~~~~~~~~~~~~~~~~~~~~~~~~~~~~~~~~~~~~~~~~~~~~~~~~~~~~~~
	No GPU-related information available for this job.
Setting up waveform generators...
Creating GravWaveAnalysis...
Initializing loglike class...
Getting data from loglike object...
Scanning e0...
Job completed at Mon Dec  8 03:57:48 PM +08 2025
~~~~~~~~~~~~~~~~~~~~~~~~~~~~~~~~~~~~~~~~~~~~~~~~~~~~~~~~~~~~~~~~~~~~~~~~~~~~~~~~~~~~~~~~~~
			Resource Usage on 2025-12-08 15:57:49.502028:
~~~~~~~~~~~~~~~~~~~~~~~~~~~~~~~~~~~~~~~~~~~~~~~~~~~~~~~~~~~~~~~~~~~~~~~~~~~~~~~~~~~~~~~~~~
	JobId: 448420.stdct-mgmt-02
	Project: personal-e1498138
	Exit Status: 0
~~~~~~~~~~~~~~~~~~~~~~~~~~~~~~~~~~~~~~~~~~~~~~~~~~~~~~~~~~~~~~~~~~~~~~~~~~~~~~~~~~~~~~~~~~
	NCPUs: Requested(4), Used(4)
	CPU Time Used: 00:01:09
	Memory: Requested(32gb), Used(11789288kb)
	Vmem Used: 23031396kb
	Walltime: Requested(24:00:00), Used(00:01:45)
~~~~~~~~~~~~~~~~~~~~~~~~~~~~~~~~~~~~~~~~~~~~~~~~~~~~~~~~~~~~~~~~~~~~~~~~~~~~~~~~~~~~~~~~~~
	Execution Nodes Used: (GN-A40-006[0]:ncpus=4:ngpus=1:mem=33554432kb)
~~~~~~~~~~~~~~~~~~~~~~~~~~~~~~~~~~~~~~~~~~~~~~~~~~~~~~~~~~~~~~~~~~~~~~~~~~~~~~~~~~~~~~~~~~
	No GPU-related information available for this job.
Setting up waveform generators...
Creating GravWaveAnalysis...
Initializing loglike class...
Scanning e0...
  Progress: 10/51
  Progress: 20/51
  Progress: 30/51
  Progress: 40/51
  Progress: 50/51
Job completed at Mon Dec  8 11:04:33 PM +08 2025
~~~~~~~~~~~~~~~~~~~~~~~~~~~~~~~~~~~~~~~~~~~~~~~~~~~~~~~~~~~~~~~~~~~~~~~~~~~~~~~~~~~~~~~~~~
			Resource Usage on 2025-12-08 23:04:34.742651:
~~~~~~~~~~~~~~~~~~~~~~~~~~~~~~~~~~~~~~~~~~~~~~~~~~~~~~~~~~~~~~~~~~~~~~~~~~~~~~~~~~~~~~~~~~
	JobId: 449053.stdct-mgmt-02
	Project: personal-e1498138
	Exit Status: 0
~~~~~~~~~~~~~~~~~~~~~~~~~~~~~~~~~~~~~~~~~~~~~~~~~~~~~~~~~~~~~~~~~~~~~~~~~~~~~~~~~~~~~~~~~~
	NCPUs: Requested(4), Used(4)
	CPU Time Used: 00:01:17
	Memory: Requested(32gb), Used(11795544kb)
	Vmem Used: 20185892kb
	Walltime: Requested(24:00:00), Used(00:02:04)
~~~~~~~~~~~~~~~~~~~~~~~~~~~~~~~~~~~~~~~~~~~~~~~~~~~~~~~~~~~~~~~~~~~~~~~~~~~~~~~~~~~~~~~~~~
	Execution Nodes Used: (GN-A40-003[0]:ncpus=4:ngpus=1:mem=33554432kb)
~~~~~~~~~~~~~~~~~~~~~~~~~~~~~~~~~~~~~~~~~~~~~~~~~~~~~~~~~~~~~~~~~~~~~~~~~~~~~~~~~~~~~~~~~~
	No GPU-related information available for this job.
Setting up waveform generators...
Creating GravWaveAnalysis...
Initializing loglike class...
Scanning logm1...
  Progress: 10/51
  Progress: 20/51
  Progress: 30/51
  Progress: 40/51
  Progress: 50/51
Job completed at Mon Dec  8 11:37:21 PM +08 2025
~~~~~~~~~~~~~~~~~~~~~~~~~~~~~~~~~~~~~~~~~~~~~~~~~~~~~~~~~~~~~~~~~~~~~~~~~~~~~~~~~~~~~~~~~~
			Resource Usage on 2025-12-08 23:37:21.812285:
~~~~~~~~~~~~~~~~~~~~~~~~~~~~~~~~~~~~~~~~~~~~~~~~~~~~~~~~~~~~~~~~~~~~~~~~~~~~~~~~~~~~~~~~~~
	JobId: 449091.stdct-mgmt-02
	Project: personal-e1498138
	Exit Status: 0
~~~~~~~~~~~~~~~~~~~~~~~~~~~~~~~~~~~~~~~~~~~~~~~~~~~~~~~~~~~~~~~~~~~~~~~~~~~~~~~~~~~~~~~~~~
	NCPUs: Requested(4), Used(4)
	CPU Time Used: 00:01:15
	Memory: Requested(32gb), Used(11791640kb)
	Vmem Used: 23031180kb
	Walltime: Requested(24:00:00), Used(00:01:54)
~~~~~~~~~~~~~~~~~~~~~~~~~~~~~~~~~~~~~~~~~~~~~~~~~~~~~~~~~~~~~~~~~~~~~~~~~~~~~~~~~~~~~~~~~~
	Execution Nodes Used: (GN-A40-003[0]:ncpus=4:ngpus=1:mem=33554432kb)
~~~~~~~~~~~~~~~~~~~~~~~~~~~~~~~~~~~~~~~~~~~~~~~~~~~~~~~~~~~~~~~~~~~~~~~~~~~~~~~~~~~~~~~~~~
	No GPU-related information available for this job.
Setting up waveform generators...
Creating GravWaveAnalysis...
Initializing loglike class...
Scanning logm2...
  Progress: 10/51
  Progress: 20/51
  Progress: 30/51
  Progress: 40/51
  Progress: 50/51
Job completed at Mon Dec  8 11:52:07 PM +08 2025
~~~~~~~~~~~~~~~~~~~~~~~~~~~~~~~~~~~~~~~~~~~~~~~~~~~~~~~~~~~~~~~~~~~~~~~~~~~~~~~~~~~~~~~~~~
			Resource Usage on 2025-12-08 23:52:08.705974:
~~~~~~~~~~~~~~~~~~~~~~~~~~~~~~~~~~~~~~~~~~~~~~~~~~~~~~~~~~~~~~~~~~~~~~~~~~~~~~~~~~~~~~~~~~
	JobId: 449109.stdct-mgmt-02
	Project: personal-e1498138
	Exit Status: 0
~~~~~~~~~~~~~~~~~~~~~~~~~~~~~~~~~~~~~~~~~~~~~~~~~~~~~~~~~~~~~~~~~~~~~~~~~~~~~~~~~~~~~~~~~~
	NCPUs: Requested(4), Used(4)
	CPU Time Used: 00:01:16
	Memory: Requested(32gb), Used(11790324kb)
	Vmem Used: 20116920kb
	Walltime: Requested(24:00:00), Used(00:01:57)
~~~~~~~~~~~~~~~~~~~~~~~~~~~~~~~~~~~~~~~~~~~~~~~~~~~~~~~~~~~~~~~~~~~~~~~~~~~~~~~~~~~~~~~~~~
	Execution Nodes Used: (GN-A40-003[0]:ncpus=4:ngpus=1:mem=33554432kb)
~~~~~~~~~~~~~~~~~~~~~~~~~~~~~~~~~~~~~~~~~~~~~~~~~~~~~~~~~~~~~~~~~~~~~~~~~~~~~~~~~~~~~~~~~~
	No GPU-related information available for this job.
Setting up waveform generators...
Creating GravWaveAnalysis...
Initializing loglike class...
Scanning a...
  Progress: 10/51
  Progress: 20/51
  Progress: 30/51
  Progress: 40/51
  Progress: 50/51
Job completed at Mon Dec  8 11:57:07 PM +08 2025
~~~~~~~~~~~~~~~~~~~~~~~~~~~~~~~~~~~~~~~~~~~~~~~~~~~~~~~~~~~~~~~~~~~~~~~~~~~~~~~~~~~~~~~~~~
			Resource Usage on 2025-12-08 23:57:08.194380:
~~~~~~~~~~~~~~~~~~~~~~~~~~~~~~~~~~~~~~~~~~~~~~~~~~~~~~~~~~~~~~~~~~~~~~~~~~~~~~~~~~~~~~~~~~
	JobId: 449110.stdct-mgmt-02
	Project: personal-e1498138
	Exit Status: 0
~~~~~~~~~~~~~~~~~~~~~~~~~~~~~~~~~~~~~~~~~~~~~~~~~~~~~~~~~~~~~~~~~~~~~~~~~~~~~~~~~~~~~~~~~~
	NCPUs: Requested(4), Used(4)
	CPU Time Used: 00:01:17
	Memory: Requested(32gb), Used(11786696kb)
	Vmem Used: 23032260kb
	Walltime: Requested(24:00:00), Used(00:01:55)
~~~~~~~~~~~~~~~~~~~~~~~~~~~~~~~~~~~~~~~~~~~~~~~~~~~~~~~~~~~~~~~~~~~~~~~~~~~~~~~~~~~~~~~~~~
	Execution Nodes Used: (GN-A40-003[0]:ncpus=4:ngpus=1:mem=33554432kb)
~~~~~~~~~~~~~~~~~~~~~~~~~~~~~~~~~~~~~~~~~~~~~~~~~~~~~~~~~~~~~~~~~~~~~~~~~~~~~~~~~~~~~~~~~~
	No GPU-related information available for this job.
Setting up waveform generators...
Creating GravWaveAnalysis...
Initializing loglike class...
Scanning p0...
  Progress: 10/51
  Progress: 20/51
  Progress: 30/51
  Progress: 40/51
  Progress: 50/51
Job completed at Tue Dec  9 12:17:02 AM +08 2025
~~~~~~~~~~~~~~~~~~~~~~~~~~~~~~~~~~~~~~~~~~~~~~~~~~~~~~~~~~~~~~~~~~~~~~~~~~~~~~~~~~~~~~~~~~
			Resource Usage on 2025-12-09 00:17:02.769726:
~~~~~~~~~~~~~~~~~~~~~~~~~~~~~~~~~~~~~~~~~~~~~~~~~~~~~~~~~~~~~~~~~~~~~~~~~~~~~~~~~~~~~~~~~~
	JobId: 449118.stdct-mgmt-02
	Project: personal-e1498138
	Exit Status: 0
~~~~~~~~~~~~~~~~~~~~~~~~~~~~~~~~~~~~~~~~~~~~~~~~~~~~~~~~~~~~~~~~~~~~~~~~~~~~~~~~~~~~~~~~~~
	NCPUs: Requested(4), Used(4)
	CPU Time Used: 00:01:13
	Memory: Requested(32gb), Used(12144156kb)
	Vmem Used: 20115944kb
	Walltime: Requested(24:00:00), Used(00:02:05)
~~~~~~~~~~~~~~~~~~~~~~~~~~~~~~~~~~~~~~~~~~~~~~~~~~~~~~~~~~~~~~~~~~~~~~~~~~~~~~~~~~~~~~~~~~
	Execution Nodes Used: (GN-A40-002[1]:ncpus=4:ngpus=1:mem=33554432kb)
~~~~~~~~~~~~~~~~~~~~~~~~~~~~~~~~~~~~~~~~~~~~~~~~~~~~~~~~~~~~~~~~~~~~~~~~~~~~~~~~~~~~~~~~~~
	No GPU-related information available for this job.
Setting up waveform generators...
Creating GravWaveAnalysis...
Initializing loglike class...
Scanning p0...
  Progress: 10/51
  Progress: 20/51
  Progress: 30/51
  Progress: 40/51
  Progress: 50/51
Job completed at Thu Feb 12 04:06:21 PM +08 2026
