Traceback (most recent call last):
  File "/nfs/home/svu/e1498138/localgit/FEWNEW/work/search/plot_fstat_vs_lnL.py", line 410, in <module>
    plot('e0', n_sigma=1)
  File "/nfs/home/svu/e1498138/localgit/FEWNEW/work/search/plot_fstat_vs_lnL.py", line 390, in plot
    fig, ax, f_stats, lnL_vals = plot_1d_comparison(
                                 ^^^^^^^^^^^^^^^^^^^
  File "/nfs/home/svu/e1498138/localgit/FEWNEW/work/search/plot_fstat_vs_lnL.py", line 245, in plot_1d_comparison
    if mode in mode_dict:
       ^^^^^^^^^^^^^^^^^
  File "cupy/_core/core.pyx", line 1317, in cupy._core.core._ndarray_base.__richcmp__
TypeError: operand type(s) all returned NotImplemented from __array_ufunc__(<ufunc 'equal'>, '__call__', array(-4.44766293e-23+1.14408418e-21j), (2, -2, 0)): 'ndarray', 'tuple'
Traceback (most recent call last):
  File "/nfs/home/svu/e1498138/localgit/FEWNEW/work/search/plot_fstat_vs_lnL.py", line 410, in <module>
    plot('e0', n_sigma=1)
  File "/nfs/home/svu/e1498138/localgit/FEWNEW/work/search/plot_fstat_vs_lnL.py", line 390, in plot
    fig, ax, f_stats, lnL_vals = plot_1d_comparison(
                                 ^^^^^^^^^^^^^^^^^^^
  File "/nfs/home/svu/e1498138/localgit/FEWNEW/work/search/plot_fstat_vs_lnL.py", line 245, in plot_1d_comparison
    if mode in mode_dict:
       ^^^^^^^^^^^^^^^^^
  File "cupy/_core/core.pyx", line 1317, in cupy._core.core._ndarray_base.__richcmp__
TypeError: operand type(s) all returned NotImplemented from __array_ufunc__(<ufunc 'equal'>, '__call__', array([-2.48423497e-25-1.34052480e-24j, -3.93370266e-24-4.42437330e-24j,
       -2.28888843e-23-6.77828580e-24j, -1.50579541e-23+1.85230721e-23j,
       -7.46612758e-25+5.87296050e-24j,  5.52271443e-25+1.24648194e-24j,
        1.06590115e-25-6.40573021e-25j,  1.01581128e-24-1.04411376e-24j,
       -9.49132920e-25+3.46296692e-25j,  4.32028321e-23+2.57690718e-24j,
        2.29760389e-23+1.52487957e-23j,  3.49410925e-24+1.45113508e-23j,
       -4.36870174e-24+8.54345388e-24j, -4.87751983e-24+3.47664694e-24j,
       -3.05707664e-24+7.81967863e-25j, -1.37920098e-24-1.81271709e-25j,
       -4.30848872e-25-3.24433518e-25j,  2.74916257e-26+8.08920146e-25j,
       -1.99554672e-24+3.26301642e-24j,  1.24535877e-23-5.93449785e-24j,
       -3.31315347e-22-2.86141725e-23j,  3.36466393e-22+2.44186437e-22j,
        1.74481907e-22+4.46170009e-22j, -7.15988284e-23+3.61442384e-22j,
       -1.63969691e-22+1.85021272e-22j, -1.40912994e-22+5.20374837e-23j,
       -8.30652308e-23-1.08716431e-23j, -3.54646215e-23-2.62464938e-23j,
       -8.83253909e-24-2.11490037e-23j,  1.76231732e-24-1.19856812e-23j,
        3.93808957e-24-5.11191092e-24j,  3.03836579e-24-1.42725356e-24j,
        1.67443784e-24+4.07490600e-26j,  7.06521533e-25+3.90597534e-25j,
        2.74943663e-24+2.97161503e-24j, -1.55982749e-24-3.29658489e-24j,
       -1.19299019e-24-4.16945723e-24j, -2.36236884e-25-2.28202626e-24j,
        1.92032305e-25-6.66348179e-25j,  2.94113988e-25-3.62102558e-25j,
       -1.52534662e-25+1.25737627e-24j,  6.29164355e-25+2.14813961e-24j,
        1.25106144e-24+1.54861783e-24j,  1.18722085e-24+4.70797964e-25j,
        7.36467455e-25-2.60955440e-25j,  2.89527201e-25-4.88558539e-25j,
       -1.80936059e-23-4.83903475e-25j,  5.91127321e-23+3.85572497e-23j,
       -2.86931149e-24-6.61989333e-24j,  1.24570331e-23-6.96843957e-23j,
        6.20739490e-23-7.02340603e-23j,  8.15512610e-23-2.87789929e-23j,
        6.44200688e-23+1.05171427e-23j,  3.36820368e-23+2.77870147e-23j,
        8.75020484e-24+2.63589787e-23j, -4.14087434e-24+1.70196684e-23j,
       -7.48524750e-24+7.85158427e-24j, -6.07960099e-24+2.01389273e-24j,
       -3.51698968e-24-5.89042305e-25j, -1.48457877e-24-1.19664179e-24j,
       -3.46753215e-25-9.56513475e-25j,  1.09504265e-25-5.44854181e-25j,
       -6.50318443e-25-1.38094874e-24j, -2.77496658e-25-9.06359796e-25j,
        4.33064817e-25+4.94327924e-25j,  1.28402227e-27-1.24012211e-24j,
        6.83696381e-25-1.30737398e-24j,  1.21412118e-24-3.71571685e-25j,
        1.18140373e-24+6.28030454e-25j,  7.52261047e-25+1.07751713e-24j,
        2.72228228e-25+9.72682560e-25j, -4.42164773e-26+6.08755015e-25j,
       -8.73262706e-25+3.53294514e-26j,  5.71626664e-24+3.21061793e-24j,
       -4.48834245e-24-8.78899072e-24j,  1.03754819e-24-8.40270017e-24j,
       -2.25528392e-24+2.78182079e-24j, -1.40152550e-23+5.47978989e-24j,
       -1.99890313e-23-2.71685481e-24j, -1.52797006e-23-1.20930030e-23j,
       -5.31670804e-24-1.53936916e-23j,  2.99390927e-24-1.24445152e-23j,
        6.62543002e-24-6.86424921e-24j,  6.29737249e-24-1.98600571e-24j,
        4.14859734e-24+7.96636726e-25j,  1.93453100e-24+1.67564794e-24j,
        4.53890506e-25+1.46500223e-24j, -2.34778090e-25+9.03204396e-25j,
       -3.95424170e-25+4.04926071e-25j, -3.29866058e-25+1.25313336e-25j,
       -5.55459639e-25-1.91992344e-25j, -4.96041198e-25-5.78579202e-25j,
       -2.16530694e-25-7.28524357e-25j,  7.84974699e-26-5.92414713e-25j,
        4.29671742e-25+2.03140610e-25j, -7.89430131e-25-1.30938857e-24j,
       -3.42543965e-26+5.84187670e-25j, -1.35429768e-24+1.87210318e-24j,
       -1.39170915e-24+6.21821466e-25j,  8.57371294e-25+7.88539450e-26j,
        2.48312229e-24+1.80352162e-24j,  1.56280137e-24+4.02984554e-24j,
       -9.73636262e-25+4.66236601e-24j, -3.10941933e-24+3.36958873e-24j,
       -3.70578090e-24+1.23475934e-24j, -2.92814946e-24-5.29105775e-25j,
       -1.59134479e-24-1.36312663e-24j, -4.23220561e-25-1.37055695e-24j,
        2.54753683e-25-9.51012527e-25j,  4.71649276e-25-4.70543651e-25j,
        5.24826493e-25+2.11475389e-26j, -6.81914215e-26-1.53095509e-25j,
        1.08419223e-25-6.61825176e-25j,  6.97242601e-25-8.12623319e-25j,
        1.18801079e-24-4.36650590e-25j,  1.21836120e-24+1.85932127e-25j,
        8.19090535e-25+6.67093037e-25j,  2.68484785e-25+8.08868312e-25j,
       -1.64594717e-25+6.54576356e-25j, -3.63963691e-25+3.70277179e-25j]), (2, -2, 0)): 'ndarray', 'tuple'
/scratch/e1498138/anaconda3/envs/fewsm/lib/python3.12/site-packages/cupy/fft/_fft.py:35: ComplexWarning: Casting complex values to real discards the imaginary part
  a = a.astype(out_dtype)
Traceback (most recent call last):
  File "/nfs/home/svu/e1498138/localgit/FEWNEW/work/search/plot_fstat_vs_lnL.py", line 396, in <module>
    plot('e0', n_sigma=1)
  File "/nfs/home/svu/e1498138/localgit/FEWNEW/work/search/plot_fstat_vs_lnL.py", line 376, in plot
    fig, ax, f_stats, lnL_vals = plot_1d_comparison(
                                 ^^^^^^^^^^^^^^^^^^^
  File "/nfs/home/svu/e1498138/localgit/FEWNEW/work/search/plot_fstat_vs_lnL.py", line 246, in plot_1d_comparison
    fstat_val = fstat(param_arr, loglike_obj, xI0, dist, qS, phiS, qK, phiK, Phi_phi0, Phi_theta0, Phi_r0)
                                              ^^^
NameError: name 'xI0' is not defined
