Starting imports...
Importing few...
Importing GWfuncs...
Importing cupy...
Configuring few...
Importing dynesty...
 - Backend 'cpu': available
 - Backend 'cuda11x': unavailable
 - Backend 'cuda12x': available
 - Backend 'cuda': available
 - Backend 'gpu': available
Setting up waveform generator...
Creating FastKerrEccentricEquatorialFlux...
Generating true waveform...
Creating GWfuncs analysis object...
Initializing trajectory and amplitude generators...
Exception while calling loglikelihood function:
  params: [2.85260752e+06 1.10952501e+00 9.99631502e-01 4.04047336e+01
 3.17074713e-01 1.00000000e+00 1.00897635e+00 7.35871975e-01
 3.37706604e+01]
  args: []
  kwargs: {}
  exception:
Job completed at Mon Aug  4 05:36:24 PM +08 2025
~~~~~~~~~~~~~~~~~~~~~~~~~~~~~~~~~~~~~~~~~~~~~~~~~~~~~~~~~~~~~~~~~~~~~~~~~~~~~~~~~~~~~~~~~~
			Resource Usage on 2025-08-04 17:36:25.141534:
~~~~~~~~~~~~~~~~~~~~~~~~~~~~~~~~~~~~~~~~~~~~~~~~~~~~~~~~~~~~~~~~~~~~~~~~~~~~~~~~~~~~~~~~~~
	JobId: 133552.stdct-mgmt-02
	Project: personal-e1498138
	Exit Status: 0
~~~~~~~~~~~~~~~~~~~~~~~~~~~~~~~~~~~~~~~~~~~~~~~~~~~~~~~~~~~~~~~~~~~~~~~~~~~~~~~~~~~~~~~~~~
	NCPUs: Requested(4), Used(4)
	CPU Time Used: 00:37:27
	Memory: Requested(32gb), Used(12430952kb)
	Vmem Used: 354340676kb
	Walltime: Requested(24:00:00), Used(00:38:31)
~~~~~~~~~~~~~~~~~~~~~~~~~~~~~~~~~~~~~~~~~~~~~~~~~~~~~~~~~~~~~~~~~~~~~~~~~~~~~~~~~~~~~~~~~~
	Execution Nodes Used: (GN-A40-004[1]:ncpus=4:ngpus=1:mem=33554432kb)
~~~~~~~~~~~~~~~~~~~~~~~~~~~~~~~~~~~~~~~~~~~~~~~~~~~~~~~~~~~~~~~~~~~~~~~~~~~~~~~~~~~~~~~~~~
	No GPU-related information available for this job.
Starting imports...
Importing few...
Importing GWfuncs...
Importing cupy...
Configuring few...
Importing dynesty...
 - Backend 'cpu': available
 - Backend 'cuda11x': unavailable
 - Backend 'cuda12x': available
 - Backend 'cuda': available
 - Backend 'gpu': available
Setting up waveform generator...
Creating FastKerrEccentricEquatorialFlux...
Generating true waveform...
Creating GWfuncs analysis object...
Initializing trajectory and amplitude generators...
~~~~~~~~~~~~~~~~~~~~~~~~~~~~~~~~~~~~~~~~~~~~~~~~~~~~~~~~~~~~~~~~~~~~~~~~~~~~~~~~~~~~~~~~~~
			Resource Usage on 2025-08-05 17:38:41.882544:
~~~~~~~~~~~~~~~~~~~~~~~~~~~~~~~~~~~~~~~~~~~~~~~~~~~~~~~~~~~~~~~~~~~~~~~~~~~~~~~~~~~~~~~~~~
	JobId: 133569.stdct-mgmt-02
	Project: personal-e1498138
	Exit Status: -29
~~~~~~~~~~~~~~~~~~~~~~~~~~~~~~~~~~~~~~~~~~~~~~~~~~~~~~~~~~~~~~~~~~~~~~~~~~~~~~~~~~~~~~~~~~
	NCPUs: Requested(4), Used(4)
	CPU Time Used: 23:57:57
	Memory: Requested(32gb), Used(11990912kb)
	Vmem Used: 354937932kb
	Walltime: Requested(24:00:00), Used(24:01:35)
~~~~~~~~~~~~~~~~~~~~~~~~~~~~~~~~~~~~~~~~~~~~~~~~~~~~~~~~~~~~~~~~~~~~~~~~~~~~~~~~~~~~~~~~~~
	Execution Nodes Used: (GN-A40-004[1]:ncpus=4:ngpus=1:mem=33554432kb)
~~~~~~~~~~~~~~~~~~~~~~~~~~~~~~~~~~~~~~~~~~~~~~~~~~~~~~~~~~~~~~~~~~~~~~~~~~~~~~~~~~~~~~~~~~
	No GPU-related information available for this job.
Starting imports...
Importing few...
Importing GWfuncs...
Importing cupy...
Configuring few...
Importing dynesty...
 - Backend 'cpu': available
 - Backend 'cuda11x': unavailable
 - Backend 'cuda12x': available
 - Backend 'cuda': available
 - Backend 'gpu': available
Setting up waveform generator...
Creating FastKerrEccentricEquatorialFlux...
Generating true waveform...
Creating GWfuncs analysis object...
Initializing trajectory and amplitude generators...
~~~~~~~~~~~~~~~~~~~~~~~~~~~~~~~~~~~~~~~~~~~~~~~~~~~~~~~~~~~~~~~~~~~~~~~~~~~~~~~~~~~~~~~~~~
			Resource Usage on 2025-08-08 15:53:40.986244:
~~~~~~~~~~~~~~~~~~~~~~~~~~~~~~~~~~~~~~~~~~~~~~~~~~~~~~~~~~~~~~~~~~~~~~~~~~~~~~~~~~~~~~~~~~
	JobId: 142747.stdct-mgmt-02
	Project: personal-e1498138
	Exit Status: -29
~~~~~~~~~~~~~~~~~~~~~~~~~~~~~~~~~~~~~~~~~~~~~~~~~~~~~~~~~~~~~~~~~~~~~~~~~~~~~~~~~~~~~~~~~~
	NCPUs: Requested(4), Used(4)
	CPU Time Used: 23:57:42
	Memory: Requested(32gb), Used(12265604kb)
	Vmem Used: 353774652kb
	Walltime: Requested(24:00:00), Used(24:02:01)
~~~~~~~~~~~~~~~~~~~~~~~~~~~~~~~~~~~~~~~~~~~~~~~~~~~~~~~~~~~~~~~~~~~~~~~~~~~~~~~~~~~~~~~~~~
	Execution Nodes Used: (GN-A40-002[1]:ncpus=4:ngpus=1:mem=33554432kb)
~~~~~~~~~~~~~~~~~~~~~~~~~~~~~~~~~~~~~~~~~~~~~~~~~~~~~~~~~~~~~~~~~~~~~~~~~~~~~~~~~~~~~~~~~~
	No GPU-related information available for this job.
